{"C:\\Users\\Brian Kimurgor\\Desktop\\Employes-Leave-Management-System-\\src\\index.ts": {"path":"C:\\Users\\Brian Kimurgor\\Desktop\\Employes-Leave-Management-System-\\src\\index.ts","statementMap":{"0":{"start":{"line":1,"column":0},"end":{"line":1,"column":30}},"1":{"start":{"line":2,"column":0},"end":{"line":2,"column":28}},"2":{"start":{"line":3,"column":0},"end":{"line":3,"column":59}},"3":{"start":{"line":4,"column":0},"end":{"line":4,"column":59}},"4":{"start":{"line":6,"column":22},"end":{"line":21,"column":1}},"5":{"start":{"line":7,"column":16},"end":{"line":7,"column":25}},"6":{"start":{"line":9,"column":4},"end":{"line":9,"column":28}},"7":{"start":{"line":11,"column":4},"end":{"line":11,"column":20}},"8":{"start":{"line":13,"column":4},"end":{"line":13,"column":50}},"9":{"start":{"line":14,"column":4},"end":{"line":14,"column":49}},"10":{"start":{"line":16,"column":4},"end":{"line":18,"column":7}},"11":{"start":{"line":17,"column":8},"end":{"line":17,"column":72}},"12":{"start":{"line":20,"column":4},"end":{"line":20,"column":15}},"13":{"start":{"line":23,"column":12},"end":{"line":23,"column":27}},"14":{"start":{"line":25,"column":0},"end":{"line":25,"column":19}}},"fnMap":{"0":{"name":"(anonymous_1)","decl":{"start":{"line":6,"column":22},"end":{"line":6,"column":25}},"loc":{"start":{"line":6,"column":27},"end":{"line":21,"column":1}}},"1":{"name":"(anonymous_2)","decl":{"start":{"line":16,"column":17},"end":{"line":16,"column":18}},"loc":{"start":{"line":16,"column":28},"end":{"line":18,"column":5}}}},"branchMap":{},"s":{"0":1,"1":1,"2":1,"3":1,"4":1,"5":1,"6":1,"7":1,"8":1,"9":1,"10":1,"11":0,"12":1,"13":1,"14":1},"f":{"0":1,"1":0},"b":{}}
,"C:\\Users\\Brian Kimurgor\\Desktop\\Employes-Leave-Management-System-\\src\\server.ts": {"path":"C:\\Users\\Brian Kimurgor\\Desktop\\Employes-Leave-Management-System-\\src\\server.ts","statementMap":{"0":{"start":{"line":1,"column":0},"end":{"line":1,"column":25}},"1":{"start":{"line":2,"column":0},"end":{"line":2,"column":28}},"2":{"start":{"line":3,"column":0},"end":{"line":3,"column":38}},"3":{"start":{"line":5,"column":0},"end":{"line":5,"column":16}},"4":{"start":{"line":7,"column":13},"end":{"line":7,"column":37}},"5":{"start":{"line":9,"column":0},"end":{"line":11,"column":null}},"6":{"start":{"line":10,"column":4},"end":{"line":10,"column":71}},"7":{"start":{"line":13,"column":0},"end":{"line":15,"column":75}},"8":{"start":{"line":14,"column":16},"end":{"line":14,"column":49}},"9":{"start":{"line":15,"column":25},"end":{"line":15,"column":73}}},"fnMap":{"0":{"name":"(anonymous_1)","decl":{"start":{"line":9,"column":17},"end":{"line":9,"column":20}},"loc":{"start":{"line":9,"column":22},"end":{"line":11,"column":1}}},"1":{"name":"(anonymous_2)","decl":{"start":{"line":14,"column":10},"end":{"line":14,"column":13}},"loc":{"start":{"line":14,"column":16},"end":{"line":14,"column":49}}},"2":{"name":"(anonymous_3)","decl":{"start":{"line":15,"column":11},"end":{"line":15,"column":12}},"loc":{"start":{"line":15,"column":25},"end":{"line":15,"column":73}}}},"branchMap":{"0":{"loc":{"start":{"line":7,"column":13},"end":{"line":7,"column":37}},"type":"binary-expr","locations":[{"start":{"line":7,"column":13},"end":{"line":7,"column":29}},{"start":{"line":7,"column":33},"end":{"line":7,"column":37}}]}},"s":{"0":0,"1":0,"2":0,"3":0,"4":0,"5":0,"6":0,"7":0,"8":0,"9":0},"f":{"0":0,"1":0,"2":0},"b":{"0":[0,0]}}
,"C:\\Users\\Brian Kimurgor\\Desktop\\Employes-Leave-Management-System-\\src\\controllers\\department.controllers.ts": {"path":"C:\\Users\\Brian Kimurgor\\Desktop\\Employes-Leave-Management-System-\\src\\controllers\\department.controllers.ts","statementMap":{"0":{"start":{"line":2,"column":0},"end":{"line":2,"column":39}},"1":{"start":{"line":3,"column":0},"end":{"line":3,"column":null}},"2":{"start":{"line":11,"column":30},"end":{"line":19,"column":1}},"3":{"start":{"line":12,"column":2},"end":{"line":18,"column":3}},"4":{"start":{"line":13,"column":24},"end":{"line":13,"column":53}},"5":{"start":{"line":14,"column":4},"end":{"line":14,"column":38}},"6":{"start":{"line":16,"column":4},"end":{"line":16,"column":56}},"7":{"start":{"line":17,"column":4},"end":{"line":17,"column":63}},"8":{"start":{"line":11,"column":13},"end":{"line":11,"column":30}},"9":{"start":{"line":22,"column":32},"end":{"line":34,"column":1}},"10":{"start":{"line":23,"column":2},"end":{"line":33,"column":3}},"11":{"start":{"line":24,"column":17},"end":{"line":24,"column":32}},"12":{"start":{"line":25,"column":4},"end":{"line":28,"column":73}},"13":{"start":{"line":29,"column":4},"end":{"line":29,"column":73}},"14":{"start":{"line":31,"column":4},"end":{"line":31,"column":53}},"15":{"start":{"line":32,"column":4},"end":{"line":32,"column":87}},"16":{"start":{"line":22,"column":13},"end":{"line":22,"column":32}},"17":{"start":{"line":37,"column":33},"end":{"line":51,"column":1}},"18":{"start":{"line":38,"column":17},"end":{"line":38,"column":27}},"19":{"start":{"line":40,"column":4},"end":{"line":42,"column":5}},"20":{"start":{"line":41,"column":6},"end":{"line":41,"column":78}},"21":{"start":{"line":44,"column":4},"end":{"line":50,"column":3}},"22":{"start":{"line":45,"column":4},"end":{"line":45,"column":51}},"23":{"start":{"line":46,"column":4},"end":{"line":46,"column":73}},"24":{"start":{"line":48,"column":4},"end":{"line":48,"column":55}},"25":{"start":{"line":49,"column":4},"end":{"line":49,"column":63}},"26":{"start":{"line":37,"column":13},"end":{"line":37,"column":33}},"27":{"start":{"line":54,"column":32},"end":{"line":69,"column":1}},"28":{"start":{"line":55,"column":2},"end":{"line":68,"column":3}},"29":{"start":{"line":56,"column":19},"end":{"line":56,"column":29}},"30":{"start":{"line":57,"column":32},"end":{"line":57,"column":40}},"31":{"start":{"line":59,"column":4},"end":{"line":61,"column":5}},"32":{"start":{"line":60,"column":6},"end":{"line":60,"column":78}},"33":{"start":{"line":63,"column":4},"end":{"line":63,"column":65}},"34":{"start":{"line":64,"column":4},"end":{"line":64,"column":73}},"35":{"start":{"line":66,"column":4},"end":{"line":66,"column":55}},"36":{"start":{"line":67,"column":4},"end":{"line":67,"column":63}},"37":{"start":{"line":54,"column":13},"end":{"line":54,"column":32}},"38":{"start":{"line":72,"column":32},"end":{"line":82,"column":1}},"39":{"start":{"line":73,"column":2},"end":{"line":81,"column":3}},"40":{"start":{"line":74,"column":19},"end":{"line":74,"column":29}},"41":{"start":{"line":76,"column":4},"end":{"line":76,"column":48}},"42":{"start":{"line":77,"column":4},"end":{"line":77,"column":73}},"43":{"start":{"line":79,"column":4},"end":{"line":79,"column":55}},"44":{"start":{"line":80,"column":4},"end":{"line":80,"column":63}},"45":{"start":{"line":72,"column":13},"end":{"line":72,"column":32}}},"fnMap":{"0":{"name":"(anonymous_0)","decl":{"start":{"line":11,"column":30},"end":{"line":11,"column":35}},"loc":{"start":{"line":11,"column":68},"end":{"line":19,"column":1}}},"1":{"name":"(anonymous_1)","decl":{"start":{"line":22,"column":32},"end":{"line":22,"column":37}},"loc":{"start":{"line":22,"column":70},"end":{"line":34,"column":1}}},"2":{"name":"(anonymous_2)","decl":{"start":{"line":37,"column":33},"end":{"line":37,"column":38}},"loc":{"start":{"line":37,"column":71},"end":{"line":51,"column":1}}},"3":{"name":"(anonymous_3)","decl":{"start":{"line":54,"column":32},"end":{"line":54,"column":37}},"loc":{"start":{"line":54,"column":70},"end":{"line":69,"column":1}}},"4":{"name":"(anonymous_4)","decl":{"start":{"line":72,"column":32},"end":{"line":72,"column":37}},"loc":{"start":{"line":72,"column":70},"end":{"line":82,"column":1}}}},"branchMap":{"0":{"loc":{"start":{"line":40,"column":4},"end":{"line":42,"column":5}},"type":"if","locations":[{"start":{"line":40,"column":4},"end":{"line":42,"column":5}},{"start":{},"end":{}}]},"1":{"loc":{"start":{"line":59,"column":4},"end":{"line":61,"column":5}},"type":"if","locations":[{"start":{"line":59,"column":4},"end":{"line":61,"column":5}},{"start":{},"end":{}}]}},"s":{"0":1,"1":1,"2":1,"3":0,"4":0,"5":0,"6":0,"7":0,"8":1,"9":1,"10":0,"11":0,"12":0,"13":0,"14":0,"15":0,"16":1,"17":1,"18":0,"19":0,"20":0,"21":0,"22":0,"23":0,"24":0,"25":0,"26":1,"27":1,"28":0,"29":0,"30":0,"31":0,"32":0,"33":0,"34":0,"35":0,"36":0,"37":1,"38":1,"39":0,"40":0,"41":0,"42":0,"43":0,"44":0,"45":1},"f":{"0":0,"1":0,"2":0,"3":0,"4":0},"b":{"0":[0,0],"1":[0,0]}}
,"C:\\Users\\Brian Kimurgor\\Desktop\\Employes-Leave-Management-System-\\src\\controllers\\employees.controllers.ts": {"path":"C:\\Users\\Brian Kimurgor\\Desktop\\Employes-Leave-Management-System-\\src\\controllers\\employees.controllers.ts","statementMap":{"0":{"start":{"line":3,"column":0},"end":{"line":3,"column":66}},"1":{"start":{"line":5,"column":0},"end":{"line":5,"column":32}},"2":{"start":{"line":8,"column":30},"end":{"line":21,"column":1}},"3":{"start":{"line":10,"column":4},"end":{"line":19,"column":5}},"4":{"start":{"line":11,"column":25},"end":{"line":11,"column":33}},"5":{"start":{"line":12,"column":8},"end":{"line":12,"column":31}},"6":{"start":{"line":13,"column":23},"end":{"line":13,"column":69}},"7":{"start":{"line":14,"column":8},"end":{"line":14,"column":37}},"8":{"start":{"line":17,"column":8},"end":{"line":17,"column":55}},"9":{"start":{"line":8,"column":13},"end":{"line":8,"column":30}},"10":{"start":{"line":24,"column":31},"end":{"line":55,"column":2}},"11":{"start":{"line":26,"column":14},"end":{"line":26,"column":46}},"12":{"start":{"line":28,"column":4},"end":{"line":31,"column":5}},"13":{"start":{"line":29,"column":8},"end":{"line":29,"column":71}},"14":{"start":{"line":33,"column":4},"end":{"line":52,"column":5}},"15":{"start":{"line":35,"column":23},"end":{"line":35,"column":63}},"16":{"start":{"line":36,"column":8},"end":{"line":36,"column":null}},"17":{"start":{"line":41,"column":8},"end":{"line":49,"column":9}},"18":{"start":{"line":42,"column":12},"end":{"line":42,"column":null}},"19":{"start":{"line":45,"column":12},"end":{"line":45,"column":58}},"20":{"start":{"line":46,"column":12},"end":{"line":46,"column":39}},"21":{"start":{"line":24,"column":14},"end":{"line":24,"column":31}},"22":{"start":{"line":58,"column":31},"end":{"line":74,"column":1}},"23":{"start":{"line":60,"column":18},"end":{"line":60,"column":50}},"24":{"start":{"line":61,"column":4},"end":{"line":72,"column":5}},"25":{"start":{"line":62,"column":25},"end":{"line":62,"column":66}},"26":{"start":{"line":63,"column":8},"end":{"line":68,"column":9}},"27":{"start":{"line":64,"column":12},"end":{"line":64,"column":43}},"28":{"start":{"line":66,"column":12},"end":{"line":66,"column":66}},"29":{"start":{"line":67,"column":12},"end":{"line":67,"column":31}},"30":{"start":{"line":71,"column":8},"end":{"line":71,"column":55}},"31":{"start":{"line":58,"column":13},"end":{"line":58,"column":31}},"32":{"start":{"line":76,"column":31},"end":{"line":84,"column":2}},"33":{"start":{"line":78,"column":4},"end":{"line":83,"column":5}},"34":{"start":{"line":79,"column":26},"end":{"line":79,"column":62}},"35":{"start":{"line":80,"column":8},"end":{"line":80,"column":40}},"36":{"start":{"line":82,"column":8},"end":{"line":82,"column":55}},"37":{"start":{"line":76,"column":13},"end":{"line":76,"column":31}},"38":{"start":{"line":87,"column":30},"end":{"line":114,"column":1}},"39":{"start":{"line":89,"column":15},"end":{"line":89,"column":47}},"40":{"start":{"line":92,"column":4},"end":{"line":95,"column":5}},"41":{"start":{"line":93,"column":8},"end":{"line":93,"column":null}},"42":{"start":{"line":98,"column":4},"end":{"line":113,"column":5}},"43":{"start":{"line":99,"column":25},"end":{"line":99,"column":33}},"44":{"start":{"line":100,"column":23},"end":{"line":100,"column":72}},"45":{"start":{"line":101,"column":8},"end":{"line":101,"column":null}},"46":{"start":{"line":105,"column":7},"end":{"line":112,"column":8}},"47":{"start":{"line":106,"column":8},"end":{"line":106,"column":null}},"48":{"start":{"line":109,"column":8},"end":{"line":109,"column":null}},"49":{"start":{"line":87,"column":13},"end":{"line":87,"column":30}},"50":{"start":{"line":117,"column":29},"end":{"line":132,"column":1}},"51":{"start":{"line":118,"column":4},"end":{"line":131,"column":5}},"52":{"start":{"line":119,"column":39},"end":{"line":119,"column":47}},"53":{"start":{"line":121,"column":23},"end":{"line":121,"column":78}},"54":{"start":{"line":122,"column":8},"end":{"line":122,"column":37}},"55":{"start":{"line":124,"column":8},"end":{"line":130,"column":9}},"56":{"start":{"line":125,"column":12},"end":{"line":125,"column":59}},"57":{"start":{"line":126,"column":15},"end":{"line":130,"column":9}},"58":{"start":{"line":127,"column":12},"end":{"line":127,"column":59}},"59":{"start":{"line":129,"column":12},"end":{"line":129,"column":59}},"60":{"start":{"line":117,"column":13},"end":{"line":117,"column":29}},"61":{"start":{"line":135,"column":30},"end":{"line":148,"column":1}},"62":{"start":{"line":136,"column":4},"end":{"line":147,"column":5}},"63":{"start":{"line":137,"column":32},"end":{"line":137,"column":40}},"64":{"start":{"line":139,"column":8},"end":{"line":141,"column":9}},"65":{"start":{"line":140,"column":12},"end":{"line":140,"column":97}},"66":{"start":{"line":143,"column":23},"end":{"line":143,"column":72}},"67":{"start":{"line":144,"column":8},"end":{"line":144,"column":37}},"68":{"start":{"line":146,"column":8},"end":{"line":146,"column":57}},"69":{"start":{"line":135,"column":13},"end":{"line":135,"column":30}}},"fnMap":{"0":{"name":"(anonymous_9)","decl":{"start":{"line":8,"column":30},"end":{"line":8,"column":35}},"loc":{"start":{"line":8,"column":68},"end":{"line":21,"column":1}}},"1":{"name":"(anonymous_10)","decl":{"start":{"line":24,"column":31},"end":{"line":24,"column":36}},"loc":{"start":{"line":24,"column":65},"end":{"line":55,"column":2}}},"2":{"name":"(anonymous_11)","decl":{"start":{"line":58,"column":31},"end":{"line":58,"column":36}},"loc":{"start":{"line":58,"column":69},"end":{"line":74,"column":1}}},"3":{"name":"(anonymous_12)","decl":{"start":{"line":76,"column":31},"end":{"line":76,"column":36}},"loc":{"start":{"line":76,"column":69},"end":{"line":84,"column":2}}},"4":{"name":"(anonymous_13)","decl":{"start":{"line":87,"column":30},"end":{"line":87,"column":35}},"loc":{"start":{"line":87,"column":65},"end":{"line":114,"column":1}}},"5":{"name":"(anonymous_14)","decl":{"start":{"line":117,"column":29},"end":{"line":117,"column":34}},"loc":{"start":{"line":117,"column":67},"end":{"line":132,"column":1}}},"6":{"name":"(anonymous_15)","decl":{"start":{"line":135,"column":30},"end":{"line":135,"column":35}},"loc":{"start":{"line":135,"column":68},"end":{"line":148,"column":1}}}},"branchMap":{"0":{"loc":{"start":{"line":28,"column":4},"end":{"line":31,"column":5}},"type":"if","locations":[{"start":{"line":28,"column":4},"end":{"line":31,"column":5}},{"start":{},"end":{}}]},"1":{"loc":{"start":{"line":41,"column":8},"end":{"line":49,"column":9}},"type":"if","locations":[{"start":{"line":41,"column":8},"end":{"line":49,"column":9}},{"start":{"line":44,"column":13},"end":{"line":49,"column":9}}]},"2":{"loc":{"start":{"line":63,"column":8},"end":{"line":68,"column":9}},"type":"if","locations":[{"start":{"line":63,"column":8},"end":{"line":68,"column":9}},{"start":{"line":65,"column":15},"end":{"line":68,"column":9}}]},"3":{"loc":{"start":{"line":92,"column":4},"end":{"line":95,"column":5}},"type":"if","locations":[{"start":{"line":92,"column":4},"end":{"line":95,"column":5}},{"start":{},"end":{}}]},"4":{"loc":{"start":{"line":105,"column":7},"end":{"line":112,"column":8}},"type":"if","locations":[{"start":{"line":105,"column":7},"end":{"line":112,"column":8}},{"start":{"line":108,"column":13},"end":{"line":112,"column":8}}]},"5":{"loc":{"start":{"line":124,"column":8},"end":{"line":130,"column":9}},"type":"if","locations":[{"start":{"line":124,"column":8},"end":{"line":130,"column":9}},{"start":{"line":126,"column":15},"end":{"line":130,"column":9}}]},"6":{"loc":{"start":{"line":126,"column":15},"end":{"line":130,"column":9}},"type":"if","locations":[{"start":{"line":126,"column":15},"end":{"line":130,"column":9}},{"start":{"line":128,"column":15},"end":{"line":130,"column":9}}]},"7":{"loc":{"start":{"line":139,"column":8},"end":{"line":141,"column":9}},"type":"if","locations":[{"start":{"line":139,"column":8},"end":{"line":141,"column":9}},{"start":{},"end":{}}]},"8":{"loc":{"start":{"line":139,"column":12},"end":{"line":139,"column":27}},"type":"binary-expr","locations":[{"start":{"line":139,"column":12},"end":{"line":139,"column":18}},{"start":{"line":139,"column":22},"end":{"line":139,"column":27}}]}},"s":{"0":0,"1":0,"2":0,"3":0,"4":0,"5":0,"6":0,"7":0,"8":0,"9":0,"10":0,"11":0,"12":0,"13":0,"14":0,"15":0,"16":0,"17":0,"18":0,"19":0,"20":0,"21":0,"22":0,"23":0,"24":0,"25":0,"26":0,"27":0,"28":0,"29":0,"30":0,"31":0,"32":0,"33":0,"34":0,"35":0,"36":0,"37":0,"38":0,"39":0,"40":0,"41":0,"42":0,"43":0,"44":0,"45":0,"46":0,"47":0,"48":0,"49":0,"50":0,"51":0,"52":0,"53":0,"54":0,"55":0,"56":0,"57":0,"58":0,"59":0,"60":0,"61":0,"62":0,"63":0,"64":0,"65":0,"66":0,"67":0,"68":0,"69":0},"f":{"0":0,"1":0,"2":0,"3":0,"4":0,"5":0,"6":0},"b":{"0":[0,0],"1":[0,0],"2":[0,0],"3":[0,0],"4":[0,0],"5":[0,0],"6":[0,0],"7":[0,0],"8":[0,0]}}
,"C:\\Users\\Brian Kimurgor\\Desktop\\Employes-Leave-Management-System-\\src\\controllers\\leave_balance.controllers.ts": {"path":"C:\\Users\\Brian Kimurgor\\Desktop\\Employes-Leave-Management-System-\\src\\controllers\\leave_balance.controllers.ts","statementMap":{"0":{"start":{"line":2,"column":0},"end":{"line":2,"column":74}},"1":{"start":{"line":4,"column":35},"end":{"line":11,"column":1}},"2":{"start":{"line":5,"column":4},"end":{"line":10,"column":5}},"3":{"start":{"line":6,"column":29},"end":{"line":6,"column":69}},"4":{"start":{"line":7,"column":8},"end":{"line":7,"column":43}},"5":{"start":{"line":9,"column":8},"end":{"line":9,"column":52}},"6":{"start":{"line":4,"column":13},"end":{"line":4,"column":35}},"7":{"start":{"line":14,"column":35},"end":{"line":26,"column":1}},"8":{"start":{"line":15,"column":4},"end":{"line":25,"column":5}},"9":{"start":{"line":16,"column":32},"end":{"line":16,"column":42}},"10":{"start":{"line":17,"column":28},"end":{"line":17,"column":99}},"11":{"start":{"line":18,"column":8},"end":{"line":22,"column":9}},"12":{"start":{"line":19,"column":12},"end":{"line":19,"column":47}},"13":{"start":{"line":21,"column":12},"end":{"line":21,"column":70}},"14":{"start":{"line":24,"column":8},"end":{"line":24,"column":52}},"15":{"start":{"line":14,"column":13},"end":{"line":14,"column":35}},"16":{"start":{"line":28,"column":34},"end":{"line":37,"column":1}},"17":{"start":{"line":30,"column":4},"end":{"line":36,"column":5}},"18":{"start":{"line":31,"column":44},"end":{"line":31,"column":52}},"19":{"start":{"line":32,"column":36},"end":{"line":32,"column":116}},"20":{"start":{"line":33,"column":8},"end":{"line":33,"column":49}},"21":{"start":{"line":35,"column":8},"end":{"line":35,"column":53}},"22":{"start":{"line":28,"column":13},"end":{"line":28,"column":34}},"23":{"start":{"line":39,"column":28},"end":{"line":47,"column":1}},"24":{"start":{"line":40,"column":2},"end":{"line":46,"column":3}},"25":{"start":{"line":41,"column":42},"end":{"line":41,"column":50}},"26":{"start":{"line":42,"column":20},"end":{"line":42,"column":93}},"27":{"start":{"line":43,"column":4},"end":{"line":43,"column":34}},"28":{"start":{"line":45,"column":4},"end":{"line":45,"column":53}},"29":{"start":{"line":39,"column":13},"end":{"line":39,"column":28}},"30":{"start":{"line":49,"column":34},"end":{"line":57,"column":1}},"31":{"start":{"line":50,"column":2},"end":{"line":56,"column":3}},"32":{"start":{"line":51,"column":40},"end":{"line":51,"column":48}},"33":{"start":{"line":52,"column":20},"end":{"line":52,"column":97}},"34":{"start":{"line":53,"column":4},"end":{"line":53,"column":34}},"35":{"start":{"line":55,"column":4},"end":{"line":55,"column":53}},"36":{"start":{"line":49,"column":13},"end":{"line":49,"column":34}},"37":{"start":{"line":59,"column":34},"end":{"line":75,"column":1}},"38":{"start":{"line":60,"column":27},"end":{"line":60,"column":58}},"39":{"start":{"line":61,"column":4},"end":{"line":63,"column":5}},"40":{"start":{"line":62,"column":8},"end":{"line":62,"column":72}},"41":{"start":{"line":65,"column":4},"end":{"line":74,"column":5}},"42":{"start":{"line":66,"column":23},"end":{"line":66,"column":83}},"43":{"start":{"line":67,"column":8},"end":{"line":67,"column":37}},"44":{"start":{"line":69,"column":8},"end":{"line":73,"column":9}},"45":{"start":{"line":70,"column":12},"end":{"line":70,"column":70}},"46":{"start":{"line":72,"column":12},"end":{"line":72,"column":56}},"47":{"start":{"line":59,"column":13},"end":{"line":59,"column":34}}},"fnMap":{"0":{"name":"(anonymous_9)","decl":{"start":{"line":4,"column":35},"end":{"line":4,"column":40}},"loc":{"start":{"line":4,"column":73},"end":{"line":11,"column":1}}},"1":{"name":"(anonymous_10)","decl":{"start":{"line":14,"column":35},"end":{"line":14,"column":40}},"loc":{"start":{"line":14,"column":72},"end":{"line":26,"column":1}}},"2":{"name":"(anonymous_11)","decl":{"start":{"line":28,"column":34},"end":{"line":28,"column":39}},"loc":{"start":{"line":28,"column":71},"end":{"line":37,"column":1}}},"3":{"name":"(anonymous_12)","decl":{"start":{"line":39,"column":28},"end":{"line":39,"column":33}},"loc":{"start":{"line":39,"column":66},"end":{"line":47,"column":1}}},"4":{"name":"(anonymous_13)","decl":{"start":{"line":49,"column":34},"end":{"line":49,"column":39}},"loc":{"start":{"line":49,"column":72},"end":{"line":57,"column":1}}},"5":{"name":"(anonymous_14)","decl":{"start":{"line":59,"column":34},"end":{"line":59,"column":39}},"loc":{"start":{"line":59,"column":71},"end":{"line":75,"column":1}}}},"branchMap":{"0":{"loc":{"start":{"line":18,"column":8},"end":{"line":22,"column":9}},"type":"if","locations":[{"start":{"line":18,"column":8},"end":{"line":22,"column":9}},{"start":{"line":20,"column":13},"end":{"line":22,"column":9}}]},"1":{"loc":{"start":{"line":61,"column":4},"end":{"line":63,"column":5}},"type":"if","locations":[{"start":{"line":61,"column":4},"end":{"line":63,"column":5}},{"start":{},"end":{}}]},"2":{"loc":{"start":{"line":69,"column":8},"end":{"line":73,"column":9}},"type":"if","locations":[{"start":{"line":69,"column":8},"end":{"line":73,"column":9}},{"start":{"line":71,"column":13},"end":{"line":73,"column":9}}]}},"s":{"0":0,"1":0,"2":0,"3":0,"4":0,"5":0,"6":0,"7":0,"8":0,"9":0,"10":0,"11":0,"12":0,"13":0,"14":0,"15":0,"16":0,"17":0,"18":0,"19":0,"20":0,"21":0,"22":0,"23":0,"24":0,"25":0,"26":0,"27":0,"28":0,"29":0,"30":0,"31":0,"32":0,"33":0,"34":0,"35":0,"36":0,"37":0,"38":0,"39":0,"40":0,"41":0,"42":0,"43":0,"44":0,"45":0,"46":0,"47":0},"f":{"0":0,"1":0,"2":0,"3":0,"4":0,"5":0},"b":{"0":[0,0],"1":[0,0],"2":[0,0]}}
,"C:\\Users\\Brian Kimurgor\\Desktop\\Employes-Leave-Management-System-\\src\\controllers\\leave_request.controllers.ts": {"path":"C:\\Users\\Brian Kimurgor\\Desktop\\Employes-Leave-Management-System-\\src\\controllers\\leave_request.controllers.ts","statementMap":{"0":{"start":{"line":2,"column":0},"end":{"line":2,"column":74}},"1":{"start":{"line":3,"column":0},"end":{"line":3,"column":74}},"2":{"start":{"line":6,"column":34},"end":{"line":31,"column":1}},"3":{"start":{"line":7,"column":4},"end":{"line":30,"column":5}},"4":{"start":{"line":8,"column":27},"end":{"line":8,"column":52}},"5":{"start":{"line":9,"column":25},"end":{"line":9,"column":33}},"6":{"start":{"line":11,"column":8},"end":{"line":16,"column":9}},"7":{"start":{"line":12,"column":12},"end":{"line":15,"column":15}},"8":{"start":{"line":18,"column":29},"end":{"line":18,"column":95}},"9":{"start":{"line":20,"column":8},"end":{"line":24,"column":11}},"10":{"start":{"line":26,"column":8},"end":{"line":29,"column":11}},"11":{"start":{"line":6,"column":13},"end":{"line":6,"column":34}},"12":{"start":{"line":34,"column":34},"end":{"line":58,"column":1}},"13":{"start":{"line":35,"column":4},"end":{"line":57,"column":5}},"14":{"start":{"line":36,"column":27},"end":{"line":36,"column":52}},"15":{"start":{"line":38,"column":8},"end":{"line":43,"column":9}},"16":{"start":{"line":39,"column":12},"end":{"line":42,"column":15}},"17":{"start":{"line":45,"column":25},"end":{"line":45,"column":87}},"18":{"start":{"line":47,"column":8},"end":{"line":51,"column":11}},"19":{"start":{"line":53,"column":8},"end":{"line":56,"column":11}},"20":{"start":{"line":34,"column":13},"end":{"line":34,"column":34}},"21":{"start":{"line":61,"column":34},"end":{"line":76,"column":1}},"22":{"start":{"line":62,"column":4},"end":{"line":75,"column":5}},"23":{"start":{"line":63,"column":25},"end":{"line":63,"column":76}},"24":{"start":{"line":65,"column":8},"end":{"line":69,"column":11}},"25":{"start":{"line":71,"column":8},"end":{"line":74,"column":11}},"26":{"start":{"line":61,"column":13},"end":{"line":61,"column":34}},"27":{"start":{"line":79,"column":30},"end":{"line":94,"column":1}},"28":{"start":{"line":80,"column":4},"end":{"line":93,"column":5}},"29":{"start":{"line":81,"column":25},"end":{"line":81,"column":72}},"30":{"start":{"line":83,"column":8},"end":{"line":87,"column":11}},"31":{"start":{"line":89,"column":8},"end":{"line":92,"column":11}},"32":{"start":{"line":79,"column":13},"end":{"line":79,"column":30}},"33":{"start":{"line":97,"column":35},"end":{"line":128,"column":1}},"34":{"start":{"line":98,"column":4},"end":{"line":127,"column":5}},"35":{"start":{"line":99,"column":31},"end":{"line":99,"column":41}},"36":{"start":{"line":100,"column":26},"end":{"line":100,"column":46}},"37":{"start":{"line":102,"column":8},"end":{"line":107,"column":9}},"38":{"start":{"line":103,"column":12},"end":{"line":106,"column":15}},"39":{"start":{"line":109,"column":24},"end":{"line":109,"column":80}},"40":{"start":{"line":111,"column":8},"end":{"line":116,"column":9}},"41":{"start":{"line":112,"column":12},"end":{"line":115,"column":15}},"42":{"start":{"line":118,"column":8},"end":{"line":121,"column":11}},"43":{"start":{"line":123,"column":8},"end":{"line":126,"column":11}},"44":{"start":{"line":97,"column":13},"end":{"line":97,"column":35}},"45":{"start":{"line":131,"column":35},"end":{"line":164,"column":1}},"46":{"start":{"line":132,"column":4},"end":{"line":163,"column":5}},"47":{"start":{"line":133,"column":31},"end":{"line":133,"column":41}},"48":{"start":{"line":134,"column":26},"end":{"line":134,"column":46}},"49":{"start":{"line":135,"column":27},"end":{"line":135,"column":52}},"50":{"start":{"line":137,"column":8},"end":{"line":142,"column":9}},"51":{"start":{"line":138,"column":12},"end":{"line":141,"column":15}},"52":{"start":{"line":144,"column":8},"end":{"line":149,"column":9}},"53":{"start":{"line":145,"column":12},"end":{"line":148,"column":15}},"54":{"start":{"line":151,"column":31},"end":{"line":151,"column":99}},"55":{"start":{"line":153,"column":8},"end":{"line":157,"column":11}},"56":{"start":{"line":159,"column":8},"end":{"line":162,"column":11}},"57":{"start":{"line":131,"column":13},"end":{"line":131,"column":35}},"58":{"start":{"line":167,"column":34},"end":{"line":200,"column":1}},"59":{"start":{"line":168,"column":4},"end":{"line":199,"column":5}},"60":{"start":{"line":169,"column":30},"end":{"line":169,"column":40}},"61":{"start":{"line":170,"column":26},"end":{"line":170,"column":46}},"62":{"start":{"line":171,"column":27},"end":{"line":171,"column":52}},"63":{"start":{"line":173,"column":8},"end":{"line":178,"column":9}},"64":{"start":{"line":174,"column":12},"end":{"line":177,"column":15}},"65":{"start":{"line":180,"column":8},"end":{"line":185,"column":9}},"66":{"start":{"line":181,"column":12},"end":{"line":184,"column":15}},"67":{"start":{"line":187,"column":31},"end":{"line":187,"column":98}},"68":{"start":{"line":189,"column":8},"end":{"line":193,"column":11}},"69":{"start":{"line":195,"column":8},"end":{"line":198,"column":11}},"70":{"start":{"line":167,"column":13},"end":{"line":167,"column":34}},"71":{"start":{"line":203,"column":34},"end":{"line":235,"column":1}},"72":{"start":{"line":204,"column":4},"end":{"line":234,"column":5}},"73":{"start":{"line":205,"column":31},"end":{"line":205,"column":41}},"74":{"start":{"line":206,"column":26},"end":{"line":206,"column":46}},"75":{"start":{"line":207,"column":27},"end":{"line":207,"column":52}},"76":{"start":{"line":209,"column":8},"end":{"line":214,"column":9}},"77":{"start":{"line":210,"column":12},"end":{"line":213,"column":15}},"78":{"start":{"line":216,"column":8},"end":{"line":221,"column":9}},"79":{"start":{"line":217,"column":12},"end":{"line":220,"column":15}},"80":{"start":{"line":223,"column":23},"end":{"line":223,"column":90}},"81":{"start":{"line":225,"column":8},"end":{"line":228,"column":11}},"82":{"start":{"line":230,"column":8},"end":{"line":233,"column":11}},"83":{"start":{"line":203,"column":13},"end":{"line":203,"column":34}},"84":{"start":{"line":238,"column":28},"end":{"line":261,"column":1}},"85":{"start":{"line":239,"column":4},"end":{"line":260,"column":5}},"86":{"start":{"line":240,"column":27},"end":{"line":240,"column":52}},"87":{"start":{"line":242,"column":8},"end":{"line":247,"column":9}},"88":{"start":{"line":243,"column":12},"end":{"line":246,"column":15}},"89":{"start":{"line":249,"column":24},"end":{"line":249,"column":80}},"90":{"start":{"line":251,"column":8},"end":{"line":254,"column":11}},"91":{"start":{"line":256,"column":8},"end":{"line":259,"column":11}},"92":{"start":{"line":238,"column":13},"end":{"line":238,"column":28}},"93":{"start":{"line":265,"column":34},"end":{"line":289,"column":1}},"94":{"start":{"line":266,"column":4},"end":{"line":288,"column":5}},"95":{"start":{"line":267,"column":27},"end":{"line":267,"column":52}},"96":{"start":{"line":269,"column":8},"end":{"line":274,"column":9}},"97":{"start":{"line":270,"column":12},"end":{"line":273,"column":15}},"98":{"start":{"line":276,"column":30},"end":{"line":276,"column":92}},"99":{"start":{"line":278,"column":8},"end":{"line":282,"column":11}},"100":{"start":{"line":284,"column":8},"end":{"line":287,"column":11}},"101":{"start":{"line":265,"column":13},"end":{"line":265,"column":34}},"102":{"start":{"line":292,"column":35},"end":{"line":307,"column":1}},"103":{"start":{"line":293,"column":4},"end":{"line":306,"column":5}},"104":{"start":{"line":294,"column":30},"end":{"line":294,"column":76}},"105":{"start":{"line":296,"column":8},"end":{"line":300,"column":11}},"106":{"start":{"line":302,"column":8},"end":{"line":305,"column":11}},"107":{"start":{"line":292,"column":13},"end":{"line":292,"column":35}},"108":{"start":{"line":310,"column":34},"end":{"line":334,"column":1}},"109":{"start":{"line":311,"column":4},"end":{"line":333,"column":5}},"110":{"start":{"line":312,"column":37},"end":{"line":312,"column":47}},"111":{"start":{"line":313,"column":31},"end":{"line":313,"column":56}},"112":{"start":{"line":315,"column":8},"end":{"line":320,"column":9}},"113":{"start":{"line":316,"column":12},"end":{"line":319,"column":15}},"114":{"start":{"line":322,"column":23},"end":{"line":322,"column":83}},"115":{"start":{"line":324,"column":8},"end":{"line":327,"column":11}},"116":{"start":{"line":329,"column":8},"end":{"line":332,"column":11}},"117":{"start":{"line":310,"column":13},"end":{"line":310,"column":34}}},"fnMap":{"0":{"name":"(anonymous_9)","decl":{"start":{"line":6,"column":34},"end":{"line":6,"column":39}},"loc":{"start":{"line":6,"column":72},"end":{"line":31,"column":1}}},"1":{"name":"(anonymous_10)","decl":{"start":{"line":34,"column":34},"end":{"line":34,"column":39}},"loc":{"start":{"line":34,"column":72},"end":{"line":58,"column":1}}},"2":{"name":"(anonymous_11)","decl":{"start":{"line":61,"column":34},"end":{"line":61,"column":39}},"loc":{"start":{"line":61,"column":72},"end":{"line":76,"column":1}}},"3":{"name":"(anonymous_12)","decl":{"start":{"line":79,"column":30},"end":{"line":79,"column":35}},"loc":{"start":{"line":79,"column":68},"end":{"line":94,"column":1}}},"4":{"name":"(anonymous_13)","decl":{"start":{"line":97,"column":35},"end":{"line":97,"column":40}},"loc":{"start":{"line":97,"column":73},"end":{"line":128,"column":1}}},"5":{"name":"(anonymous_14)","decl":{"start":{"line":131,"column":35},"end":{"line":131,"column":40}},"loc":{"start":{"line":131,"column":73},"end":{"line":164,"column":1}}},"6":{"name":"(anonymous_15)","decl":{"start":{"line":167,"column":34},"end":{"line":167,"column":39}},"loc":{"start":{"line":167,"column":72},"end":{"line":200,"column":1}}},"7":{"name":"(anonymous_16)","decl":{"start":{"line":203,"column":34},"end":{"line":203,"column":39}},"loc":{"start":{"line":203,"column":72},"end":{"line":235,"column":1}}},"8":{"name":"(anonymous_17)","decl":{"start":{"line":238,"column":28},"end":{"line":238,"column":33}},"loc":{"start":{"line":238,"column":66},"end":{"line":261,"column":1}}},"9":{"name":"(anonymous_18)","decl":{"start":{"line":265,"column":34},"end":{"line":265,"column":39}},"loc":{"start":{"line":265,"column":72},"end":{"line":289,"column":1}}},"10":{"name":"(anonymous_19)","decl":{"start":{"line":292,"column":35},"end":{"line":292,"column":40}},"loc":{"start":{"line":292,"column":73},"end":{"line":307,"column":1}}},"11":{"name":"(anonymous_20)","decl":{"start":{"line":310,"column":34},"end":{"line":310,"column":39}},"loc":{"start":{"line":310,"column":72},"end":{"line":334,"column":1}}}},"branchMap":{"0":{"loc":{"start":{"line":11,"column":8},"end":{"line":16,"column":9}},"type":"if","locations":[{"start":{"line":11,"column":8},"end":{"line":16,"column":9}},{"start":{},"end":{}}]},"1":{"loc":{"start":{"line":28,"column":21},"end":{"line":28,"column":70}},"type":"binary-expr","locations":[{"start":{"line":28,"column":21},"end":{"line":28,"column":34}},{"start":{"line":28,"column":38},"end":{"line":28,"column":70}}]},"2":{"loc":{"start":{"line":38,"column":8},"end":{"line":43,"column":9}},"type":"if","locations":[{"start":{"line":38,"column":8},"end":{"line":43,"column":9}},{"start":{},"end":{}}]},"3":{"loc":{"start":{"line":49,"column":19},"end":{"line":49,"column":40}},"type":"binary-expr","locations":[{"start":{"line":49,"column":19},"end":{"line":49,"column":35}},{"start":{"line":49,"column":39},"end":{"line":49,"column":40}}]},"4":{"loc":{"start":{"line":50,"column":18},"end":{"line":50,"column":32}},"type":"binary-expr","locations":[{"start":{"line":50,"column":18},"end":{"line":50,"column":26}},{"start":{"line":50,"column":30},"end":{"line":50,"column":32}}]},"5":{"loc":{"start":{"line":55,"column":21},"end":{"line":55,"column":70}},"type":"binary-expr","locations":[{"start":{"line":55,"column":21},"end":{"line":55,"column":34}},{"start":{"line":55,"column":38},"end":{"line":55,"column":70}}]},"6":{"loc":{"start":{"line":73,"column":21},"end":{"line":73,"column":72}},"type":"binary-expr","locations":[{"start":{"line":73,"column":21},"end":{"line":73,"column":34}},{"start":{"line":73,"column":38},"end":{"line":73,"column":72}}]},"7":{"loc":{"start":{"line":91,"column":21},"end":{"line":91,"column":68}},"type":"binary-expr","locations":[{"start":{"line":91,"column":21},"end":{"line":91,"column":34}},{"start":{"line":91,"column":38},"end":{"line":91,"column":68}}]},"8":{"loc":{"start":{"line":102,"column":8},"end":{"line":107,"column":9}},"type":"if","locations":[{"start":{"line":102,"column":8},"end":{"line":107,"column":9}},{"start":{},"end":{}}]},"9":{"loc":{"start":{"line":111,"column":8},"end":{"line":116,"column":9}},"type":"if","locations":[{"start":{"line":111,"column":8},"end":{"line":116,"column":9}},{"start":{},"end":{}}]},"10":{"loc":{"start":{"line":125,"column":21},"end":{"line":125,"column":69}},"type":"binary-expr","locations":[{"start":{"line":125,"column":21},"end":{"line":125,"column":34}},{"start":{"line":125,"column":38},"end":{"line":125,"column":69}}]},"11":{"loc":{"start":{"line":137,"column":8},"end":{"line":142,"column":9}},"type":"if","locations":[{"start":{"line":137,"column":8},"end":{"line":142,"column":9}},{"start":{},"end":{}}]},"12":{"loc":{"start":{"line":144,"column":8},"end":{"line":149,"column":9}},"type":"if","locations":[{"start":{"line":144,"column":8},"end":{"line":149,"column":9}},{"start":{},"end":{}}]},"13":{"loc":{"start":{"line":161,"column":21},"end":{"line":161,"column":71}},"type":"binary-expr","locations":[{"start":{"line":161,"column":21},"end":{"line":161,"column":34}},{"start":{"line":161,"column":38},"end":{"line":161,"column":71}}]},"14":{"loc":{"start":{"line":173,"column":8},"end":{"line":178,"column":9}},"type":"if","locations":[{"start":{"line":173,"column":8},"end":{"line":178,"column":9}},{"start":{},"end":{}}]},"15":{"loc":{"start":{"line":180,"column":8},"end":{"line":185,"column":9}},"type":"if","locations":[{"start":{"line":180,"column":8},"end":{"line":185,"column":9}},{"start":{},"end":{}}]},"16":{"loc":{"start":{"line":197,"column":21},"end":{"line":197,"column":70}},"type":"binary-expr","locations":[{"start":{"line":197,"column":21},"end":{"line":197,"column":34}},{"start":{"line":197,"column":38},"end":{"line":197,"column":70}}]},"17":{"loc":{"start":{"line":209,"column":8},"end":{"line":214,"column":9}},"type":"if","locations":[{"start":{"line":209,"column":8},"end":{"line":214,"column":9}},{"start":{},"end":{}}]},"18":{"loc":{"start":{"line":216,"column":8},"end":{"line":221,"column":9}},"type":"if","locations":[{"start":{"line":216,"column":8},"end":{"line":221,"column":9}},{"start":{},"end":{}}]},"19":{"loc":{"start":{"line":232,"column":21},"end":{"line":232,"column":70}},"type":"binary-expr","locations":[{"start":{"line":232,"column":21},"end":{"line":232,"column":34}},{"start":{"line":232,"column":38},"end":{"line":232,"column":70}}]},"20":{"loc":{"start":{"line":242,"column":8},"end":{"line":247,"column":9}},"type":"if","locations":[{"start":{"line":242,"column":8},"end":{"line":247,"column":9}},{"start":{},"end":{}}]},"21":{"loc":{"start":{"line":258,"column":21},"end":{"line":258,"column":69}},"type":"binary-expr","locations":[{"start":{"line":258,"column":21},"end":{"line":258,"column":34}},{"start":{"line":258,"column":38},"end":{"line":258,"column":69}}]},"22":{"loc":{"start":{"line":269,"column":8},"end":{"line":274,"column":9}},"type":"if","locations":[{"start":{"line":269,"column":8},"end":{"line":274,"column":9}},{"start":{},"end":{}}]},"23":{"loc":{"start":{"line":286,"column":21},"end":{"line":286,"column":69}},"type":"binary-expr","locations":[{"start":{"line":286,"column":21},"end":{"line":286,"column":34}},{"start":{"line":286,"column":38},"end":{"line":286,"column":69}}]},"24":{"loc":{"start":{"line":304,"column":21},"end":{"line":304,"column":73}},"type":"binary-expr","locations":[{"start":{"line":304,"column":21},"end":{"line":304,"column":34}},{"start":{"line":304,"column":38},"end":{"line":304,"column":73}}]},"25":{"loc":{"start":{"line":315,"column":8},"end":{"line":320,"column":9}},"type":"if","locations":[{"start":{"line":315,"column":8},"end":{"line":320,"column":9}},{"start":{},"end":{}}]},"26":{"loc":{"start":{"line":331,"column":21},"end":{"line":331,"column":69}},"type":"binary-expr","locations":[{"start":{"line":331,"column":21},"end":{"line":331,"column":34}},{"start":{"line":331,"column":38},"end":{"line":331,"column":69}}]}},"s":{"0":0,"1":0,"2":0,"3":0,"4":0,"5":0,"6":0,"7":0,"8":0,"9":0,"10":0,"11":0,"12":0,"13":0,"14":0,"15":0,"16":0,"17":0,"18":0,"19":0,"20":0,"21":0,"22":0,"23":0,"24":0,"25":0,"26":0,"27":0,"28":0,"29":0,"30":0,"31":0,"32":0,"33":0,"34":0,"35":0,"36":0,"37":0,"38":0,"39":0,"40":0,"41":0,"42":0,"43":0,"44":0,"45":0,"46":0,"47":0,"48":0,"49":0,"50":0,"51":0,"52":0,"53":0,"54":0,"55":0,"56":0,"57":0,"58":0,"59":0,"60":0,"61":0,"62":0,"63":0,"64":0,"65":0,"66":0,"67":0,"68":0,"69":0,"70":0,"71":0,"72":0,"73":0,"74":0,"75":0,"76":0,"77":0,"78":0,"79":0,"80":0,"81":0,"82":0,"83":0,"84":0,"85":0,"86":0,"87":0,"88":0,"89":0,"90":0,"91":0,"92":0,"93":0,"94":0,"95":0,"96":0,"97":0,"98":0,"99":0,"100":0,"101":0,"102":0,"103":0,"104":0,"105":0,"106":0,"107":0,"108":0,"109":0,"110":0,"111":0,"112":0,"113":0,"114":0,"115":0,"116":0,"117":0},"f":{"0":0,"1":0,"2":0,"3":0,"4":0,"5":0,"6":0,"7":0,"8":0,"9":0,"10":0,"11":0},"b":{"0":[0,0],"1":[0,0],"2":[0,0],"3":[0,0],"4":[0,0],"5":[0,0],"6":[0,0],"7":[0,0],"8":[0,0],"9":[0,0],"10":[0,0],"11":[0,0],"12":[0,0],"13":[0,0],"14":[0,0],"15":[0,0],"16":[0,0],"17":[0,0],"18":[0,0],"19":[0,0],"20":[0,0],"21":[0,0],"22":[0,0],"23":[0,0],"24":[0,0],"25":[0,0],"26":[0,0]}}
,"C:\\Users\\Brian Kimurgor\\Desktop\\Employes-Leave-Management-System-\\src\\controllers\\leave_types.controller.ts": {"path":"C:\\Users\\Brian Kimurgor\\Desktop\\Employes-Leave-Management-System-\\src\\controllers\\leave_types.controller.ts","statementMap":{"0":{"start":{"line":2,"column":0},"end":{"line":2,"column":70}},"1":{"start":{"line":5,"column":29},"end":{"line":12,"column":1}},"2":{"start":{"line":6,"column":4},"end":{"line":11,"column":5}},"3":{"start":{"line":7,"column":27},"end":{"line":7,"column":67}},"4":{"start":{"line":8,"column":8},"end":{"line":8,"column":41}},"5":{"start":{"line":10,"column":8},"end":{"line":10,"column":55}},"6":{"start":{"line":5,"column":13},"end":{"line":5,"column":29}},"7":{"start":{"line":14,"column":32},"end":{"line":30,"column":1}},"8":{"start":{"line":15,"column":15},"end":{"line":15,"column":45}},"9":{"start":{"line":16,"column":4},"end":{"line":29,"column":5}},"10":{"start":{"line":17,"column":26},"end":{"line":17,"column":66}},"11":{"start":{"line":18,"column":8},"end":{"line":20,"column":9}},"12":{"start":{"line":19,"column":12},"end":{"line":19,"column":44}},"13":{"start":{"line":22,"column":8},"end":{"line":28,"column":9}},"14":{"start":{"line":23,"column":12},"end":{"line":23,"column":71}},"15":{"start":{"line":24,"column":15},"end":{"line":28,"column":9}},"16":{"start":{"line":25,"column":12},"end":{"line":25,"column":70}},"17":{"start":{"line":27,"column":12},"end":{"line":27,"column":69}},"18":{"start":{"line":14,"column":13},"end":{"line":14,"column":32}},"19":{"start":{"line":32,"column":31},"end":{"line":40,"column":1}},"20":{"start":{"line":33,"column":22},"end":{"line":33,"column":30}},"21":{"start":{"line":34,"column":4},"end":{"line":39,"column":5}},"22":{"start":{"line":35,"column":23},"end":{"line":35,"column":73}},"23":{"start":{"line":36,"column":8},"end":{"line":36,"column":37}},"24":{"start":{"line":38,"column":8},"end":{"line":38,"column":55}},"25":{"start":{"line":32,"column":13},"end":{"line":32,"column":31}},"26":{"start":{"line":42,"column":31},"end":{"line":59,"column":1}},"27":{"start":{"line":43,"column":15},"end":{"line":43,"column":45}},"28":{"start":{"line":44,"column":22},"end":{"line":44,"column":30}},"29":{"start":{"line":45,"column":4},"end":{"line":58,"column":5}},"30":{"start":{"line":46,"column":23},"end":{"line":46,"column":77}},"31":{"start":{"line":47,"column":8},"end":{"line":49,"column":9}},"32":{"start":{"line":48,"column":12},"end":{"line":48,"column":41}},"33":{"start":{"line":51,"column":8},"end":{"line":57,"column":9}},"34":{"start":{"line":52,"column":12},"end":{"line":52,"column":71}},"35":{"start":{"line":53,"column":15},"end":{"line":57,"column":9}},"36":{"start":{"line":54,"column":12},"end":{"line":54,"column":70}},"37":{"start":{"line":56,"column":12},"end":{"line":56,"column":69}},"38":{"start":{"line":42,"column":13},"end":{"line":42,"column":31}},"39":{"start":{"line":61,"column":31},"end":{"line":73,"column":1}},"40":{"start":{"line":62,"column":15},"end":{"line":62,"column":45}},"41":{"start":{"line":63,"column":4},"end":{"line":72,"column":5}},"42":{"start":{"line":64,"column":23},"end":{"line":64,"column":66}},"43":{"start":{"line":65,"column":8},"end":{"line":65,"column":37}},"44":{"start":{"line":67,"column":8},"end":{"line":71,"column":9}},"45":{"start":{"line":68,"column":12},"end":{"line":68,"column":77}},"46":{"start":{"line":70,"column":12},"end":{"line":70,"column":59}},"47":{"start":{"line":61,"column":13},"end":{"line":61,"column":31}}},"fnMap":{"0":{"name":"(anonymous_9)","decl":{"start":{"line":5,"column":29},"end":{"line":5,"column":34}},"loc":{"start":{"line":5,"column":67},"end":{"line":12,"column":1}}},"1":{"name":"(anonymous_10)","decl":{"start":{"line":14,"column":32},"end":{"line":14,"column":37}},"loc":{"start":{"line":14,"column":70},"end":{"line":30,"column":1}}},"2":{"name":"(anonymous_11)","decl":{"start":{"line":32,"column":31},"end":{"line":32,"column":36}},"loc":{"start":{"line":32,"column":69},"end":{"line":40,"column":1}}},"3":{"name":"(anonymous_12)","decl":{"start":{"line":42,"column":31},"end":{"line":42,"column":36}},"loc":{"start":{"line":42,"column":69},"end":{"line":59,"column":1}}},"4":{"name":"(anonymous_13)","decl":{"start":{"line":61,"column":31},"end":{"line":61,"column":36}},"loc":{"start":{"line":61,"column":69},"end":{"line":73,"column":1}}}},"branchMap":{"0":{"loc":{"start":{"line":18,"column":8},"end":{"line":20,"column":9}},"type":"if","locations":[{"start":{"line":18,"column":8},"end":{"line":20,"column":9}},{"start":{},"end":{}}]},"1":{"loc":{"start":{"line":22,"column":8},"end":{"line":28,"column":9}},"type":"if","locations":[{"start":{"line":22,"column":8},"end":{"line":28,"column":9}},{"start":{"line":24,"column":15},"end":{"line":28,"column":9}}]},"2":{"loc":{"start":{"line":24,"column":15},"end":{"line":28,"column":9}},"type":"if","locations":[{"start":{"line":24,"column":15},"end":{"line":28,"column":9}},{"start":{"line":26,"column":15},"end":{"line":28,"column":9}}]},"3":{"loc":{"start":{"line":47,"column":8},"end":{"line":49,"column":9}},"type":"if","locations":[{"start":{"line":47,"column":8},"end":{"line":49,"column":9}},{"start":{},"end":{}}]},"4":{"loc":{"start":{"line":51,"column":8},"end":{"line":57,"column":9}},"type":"if","locations":[{"start":{"line":51,"column":8},"end":{"line":57,"column":9}},{"start":{"line":53,"column":15},"end":{"line":57,"column":9}}]},"5":{"loc":{"start":{"line":53,"column":15},"end":{"line":57,"column":9}},"type":"if","locations":[{"start":{"line":53,"column":15},"end":{"line":57,"column":9}},{"start":{"line":55,"column":15},"end":{"line":57,"column":9}}]},"6":{"loc":{"start":{"line":67,"column":8},"end":{"line":71,"column":9}},"type":"if","locations":[{"start":{"line":67,"column":8},"end":{"line":71,"column":9}},{"start":{"line":69,"column":15},"end":{"line":71,"column":9}}]}},"s":{"0":1,"1":1,"2":1,"3":1,"4":1,"5":0,"6":1,"7":1,"8":2,"9":2,"10":2,"11":1,"12":1,"13":1,"14":0,"15":1,"16":1,"17":0,"18":1,"19":1,"20":1,"21":1,"22":1,"23":1,"24":0,"25":1,"26":1,"27":3,"28":3,"29":3,"30":3,"31":1,"32":1,"33":2,"34":0,"35":2,"36":2,"37":0,"38":1,"39":1,"40":3,"41":3,"42":3,"43":1,"44":2,"45":2,"46":0,"47":1},"f":{"0":1,"1":2,"2":1,"3":3,"4":3},"b":{"0":[1,0],"1":[0,1],"2":[1,0],"3":[1,0],"4":[0,2],"5":[2,0],"6":[2,0]}}
,"C:\\Users\\Brian Kimurgor\\Desktop\\Employes-Leave-Management-System-\\src\\controllers\\notifications.controller.ts": {"path":"C:\\Users\\Brian Kimurgor\\Desktop\\Employes-Leave-Management-System-\\src\\controllers\\notifications.controller.ts","statementMap":{"0":{"start":{"line":3,"column":0},"end":{"line":3,"column":74}},"1":{"start":{"line":5,"column":35},"end":{"line":12,"column":1}},"2":{"start":{"line":6,"column":4},"end":{"line":11,"column":5}},"3":{"start":{"line":7,"column":30},"end":{"line":7,"column":77}},"4":{"start":{"line":8,"column":8},"end":{"line":8,"column":44}},"5":{"start":{"line":10,"column":8},"end":{"line":10,"column":52}},"6":{"start":{"line":5,"column":13},"end":{"line":5,"column":35}},"7":{"start":{"line":14,"column":34},"end":{"line":26,"column":1}},"8":{"start":{"line":15,"column":26},"end":{"line":15,"column":61}},"9":{"start":{"line":16,"column":4},"end":{"line":25,"column":5}},"10":{"start":{"line":17,"column":29},"end":{"line":17,"column":96}},"11":{"start":{"line":18,"column":8},"end":{"line":22,"column":9}},"12":{"start":{"line":19,"column":12},"end":{"line":19,"column":47}},"13":{"start":{"line":21,"column":12},"end":{"line":21,"column":70}},"14":{"start":{"line":24,"column":8},"end":{"line":24,"column":52}},"15":{"start":{"line":14,"column":13},"end":{"line":14,"column":34}},"16":{"start":{"line":28,"column":34},"end":{"line":36,"column":1}},"17":{"start":{"line":29,"column":28},"end":{"line":29,"column":36}},"18":{"start":{"line":30,"column":4},"end":{"line":35,"column":5}},"19":{"start":{"line":31,"column":36},"end":{"line":31,"column":95}},"20":{"start":{"line":32,"column":8},"end":{"line":32,"column":49}},"21":{"start":{"line":34,"column":8},"end":{"line":34,"column":null}},"22":{"start":{"line":28,"column":13},"end":{"line":28,"column":34}},"23":{"start":{"line":38,"column":34},"end":{"line":56,"column":1}},"24":{"start":{"line":39,"column":27},"end":{"line":39,"column":50}},"25":{"start":{"line":40,"column":32},"end":{"line":40,"column":40}},"26":{"start":{"line":42,"column":4},"end":{"line":44,"column":5}},"27":{"start":{"line":43,"column":8},"end":{"line":43,"column":74}},"28":{"start":{"line":46,"column":4},"end":{"line":55,"column":5}},"29":{"start":{"line":47,"column":36},"end":{"line":47,"column":118}},"30":{"start":{"line":48,"column":8},"end":{"line":48,"column":50}},"31":{"start":{"line":50,"column":8},"end":{"line":54,"column":9}},"32":{"start":{"line":51,"column":12},"end":{"line":51,"column":69}},"33":{"start":{"line":53,"column":12},"end":{"line":53,"column":null}},"34":{"start":{"line":38,"column":13},"end":{"line":38,"column":34}},"35":{"start":{"line":58,"column":34},"end":{"line":74,"column":1}},"36":{"start":{"line":59,"column":27},"end":{"line":59,"column":63}},"37":{"start":{"line":60,"column":4},"end":{"line":62,"column":5}},"38":{"start":{"line":61,"column":8},"end":{"line":61,"column":71}},"39":{"start":{"line":64,"column":4},"end":{"line":73,"column":5}},"40":{"start":{"line":65,"column":23},"end":{"line":65,"column":84}},"41":{"start":{"line":66,"column":8},"end":{"line":66,"column":37}},"42":{"start":{"line":68,"column":8},"end":{"line":72,"column":9}},"43":{"start":{"line":69,"column":12},"end":{"line":69,"column":69}},"44":{"start":{"line":71,"column":12},"end":{"line":71,"column":56}},"45":{"start":{"line":58,"column":13},"end":{"line":58,"column":34}}},"fnMap":{"0":{"name":"(anonymous_9)","decl":{"start":{"line":5,"column":35},"end":{"line":5,"column":40}},"loc":{"start":{"line":5,"column":72},"end":{"line":12,"column":1}}},"1":{"name":"(anonymous_10)","decl":{"start":{"line":14,"column":34},"end":{"line":14,"column":39}},"loc":{"start":{"line":14,"column":71},"end":{"line":26,"column":1}}},"2":{"name":"(anonymous_11)","decl":{"start":{"line":28,"column":34},"end":{"line":28,"column":39}},"loc":{"start":{"line":28,"column":72},"end":{"line":36,"column":1}}},"3":{"name":"(anonymous_12)","decl":{"start":{"line":38,"column":34},"end":{"line":38,"column":39}},"loc":{"start":{"line":38,"column":72},"end":{"line":56,"column":1}}},"4":{"name":"(anonymous_13)","decl":{"start":{"line":58,"column":34},"end":{"line":58,"column":39}},"loc":{"start":{"line":58,"column":71},"end":{"line":74,"column":1}}}},"branchMap":{"0":{"loc":{"start":{"line":18,"column":8},"end":{"line":22,"column":9}},"type":"if","locations":[{"start":{"line":18,"column":8},"end":{"line":22,"column":9}},{"start":{"line":20,"column":15},"end":{"line":22,"column":9}}]},"1":{"loc":{"start":{"line":42,"column":4},"end":{"line":44,"column":5}},"type":"if","locations":[{"start":{"line":42,"column":4},"end":{"line":44,"column":5}},{"start":{},"end":{}}]},"2":{"loc":{"start":{"line":50,"column":8},"end":{"line":54,"column":9}},"type":"if","locations":[{"start":{"line":50,"column":8},"end":{"line":54,"column":9}},{"start":{"line":52,"column":13},"end":{"line":54,"column":9}}]},"3":{"loc":{"start":{"line":60,"column":4},"end":{"line":62,"column":5}},"type":"if","locations":[{"start":{"line":60,"column":4},"end":{"line":62,"column":5}},{"start":{},"end":{}}]},"4":{"loc":{"start":{"line":68,"column":8},"end":{"line":72,"column":9}},"type":"if","locations":[{"start":{"line":68,"column":8},"end":{"line":72,"column":9}},{"start":{"line":70,"column":13},"end":{"line":72,"column":9}}]}},"s":{"0":0,"1":0,"2":0,"3":0,"4":0,"5":0,"6":0,"7":0,"8":0,"9":0,"10":0,"11":0,"12":0,"13":0,"14":0,"15":0,"16":0,"17":0,"18":0,"19":0,"20":0,"21":0,"22":0,"23":0,"24":0,"25":0,"26":0,"27":0,"28":0,"29":0,"30":0,"31":0,"32":0,"33":0,"34":0,"35":0,"36":0,"37":0,"38":0,"39":0,"40":0,"41":0,"42":0,"43":0,"44":0,"45":0},"f":{"0":0,"1":0,"2":0,"3":0,"4":0},"b":{"0":[0,0],"1":[0,0],"2":[0,0],"3":[0,0],"4":[0,0]}}
,"C:\\Users\\Brian Kimurgor\\Desktop\\Employes-Leave-Management-System-\\src\\db\\config.ts": {"path":"C:\\Users\\Brian Kimurgor\\Desktop\\Employes-Leave-Management-System-\\src\\db\\config.ts","statementMap":{"0":{"start":{"line":1,"column":0},"end":{"line":1,"column":28}},"1":{"start":{"line":2,"column":0},"end":{"line":2,"column":28}},"2":{"start":{"line":3,"column":0},"end":{"line":3,"column":24}},"3":{"start":{"line":7,"column":0},"end":{"line":7,"column":16}},"4":{"start":{"line":15,"column":4},"end":{"line":15,"column":15}},"5":{"start":{"line":19,"column":0},"end":{"line":19,"column":33}},"6":{"start":{"line":20,"column":0},"end":{"line":20,"column":45}},"7":{"start":{"line":21,"column":0},"end":{"line":21,"column":41}},"8":{"start":{"line":22,"column":0},"end":{"line":22,"column":39}},"9":{"start":{"line":23,"column":0},"end":{"line":23,"column":37}},"10":{"start":{"line":28,"column":13},"end":{"line":45,"column":2}},"11":{"start":{"line":48,"column":23},"end":{"line":58,"column":1}},"12":{"start":{"line":49,"column":4},"end":{"line":55,"column":5}},"13":{"start":{"line":50,"column":21},"end":{"line":50,"column":56}},"14":{"start":{"line":51,"column":8},"end":{"line":51,"column":20}},"15":{"start":{"line":53,"column":8},"end":{"line":53,"column":53}},"16":{"start":{"line":54,"column":8},"end":{"line":54,"column":20}},"17":{"start":{"line":48,"column":13},"end":{"line":48,"column":23}}},"fnMap":{"0":{"name":"(anonymous_1)","decl":{"start":{"line":48,"column":23},"end":{"line":48,"column":28}},"loc":{"start":{"line":48,"column":34},"end":{"line":58,"column":1}}}},"branchMap":{},"s":{"0":1,"1":1,"2":1,"3":1,"4":1,"5":1,"6":1,"7":1,"8":1,"9":1,"10":1,"11":1,"12":13,"13":13,"14":13,"15":0,"16":0,"17":1},"f":{"0":13},"b":{}}
,"C:\\Users\\Brian Kimurgor\\Desktop\\Employes-Leave-Management-System-\\src\\mailer\\email_templates.ts": {"path":"C:\\Users\\Brian Kimurgor\\Desktop\\Employes-Leave-Management-System-\\src\\mailer\\email_templates.ts","statementMap":{"0":{"start":{"line":3,"column":13},"end":{"line":33,"column":null}},"1":{"start":{"line":4,"column":37},"end":{"line":10,"column":null}},"2":{"start":{"line":12,"column":50},"end":{"line":20,"column":null}},"3":{"start":{"line":22,"column":45},"end":{"line":30,"column":null}}},"fnMap":{"0":{"name":"(anonymous_0)","decl":{"start":{"line":4,"column":13},"end":{"line":4,"column":14}},"loc":{"start":{"line":4,"column":37},"end":{"line":10,"column":null}}},"1":{"name":"(anonymous_1)","decl":{"start":{"line":12,"column":12},"end":{"line":12,"column":13}},"loc":{"start":{"line":12,"column":50},"end":{"line":20,"column":null}}},"2":{"name":"(anonymous_2)","decl":{"start":{"line":22,"column":21},"end":{"line":22,"column":22}},"loc":{"start":{"line":22,"column":45},"end":{"line":30,"column":null}}}},"branchMap":{},"s":{"0":0,"1":0,"2":0,"3":0},"f":{"0":0,"1":0,"2":0},"b":{}}
,"C:\\Users\\Brian Kimurgor\\Desktop\\Employes-Leave-Management-System-\\src\\mailer\\mailers.ts": {"path":"C:\\Users\\Brian Kimurgor\\Desktop\\Employes-Leave-Management-System-\\src\\mailer\\mailers.ts","statementMap":{"0":{"start":{"line":1,"column":0},"end":{"line":1,"column":36}},"1":{"start":{"line":2,"column":0},"end":{"line":2,"column":28}},"2":{"start":{"line":4,"column":0},"end":{"line":4,"column":16}},"3":{"start":{"line":6,"column":25},"end":{"line":40,"column":1}},"4":{"start":{"line":11,"column":4},"end":{"line":39,"column":5}},"5":{"start":{"line":12,"column":28},"end":{"line":21,"column":10}},"6":{"start":{"line":23,"column":56},"end":{"line":28,"column":10}},"7":{"start":{"line":30,"column":24},"end":{"line":30,"column":63}},"8":{"start":{"line":31,"column":8},"end":{"line":31,"column":46}},"9":{"start":{"line":33,"column":8},"end":{"line":33,"column":74}},"10":{"start":{"line":33,"column":41},"end":{"line":33,"column":74}},"11":{"start":{"line":34,"column":8},"end":{"line":34,"column":65}},"12":{"start":{"line":34,"column":41},"end":{"line":34,"column":65}},"13":{"start":{"line":35,"column":8},"end":{"line":35,"column":45}},"14":{"start":{"line":37,"column":8},"end":{"line":37,"column":59}},"15":{"start":{"line":38,"column":8},"end":{"line":38,"column":45}},"16":{"start":{"line":6,"column":13},"end":{"line":6,"column":25}}},"fnMap":{"0":{"name":"(anonymous_1)","decl":{"start":{"line":6,"column":25},"end":{"line":6,"column":30}},"loc":{"start":{"line":10,"column":21},"end":{"line":40,"column":1}}}},"branchMap":{"0":{"loc":{"start":{"line":33,"column":8},"end":{"line":33,"column":74}},"type":"if","locations":[{"start":{"line":33,"column":8},"end":{"line":33,"column":74}},{"start":{},"end":{}}]},"1":{"loc":{"start":{"line":34,"column":8},"end":{"line":34,"column":65}},"type":"if","locations":[{"start":{"line":34,"column":8},"end":{"line":34,"column":65}},{"start":{},"end":{}}]}},"s":{"0":0,"1":0,"2":0,"3":0,"4":0,"5":0,"6":0,"7":0,"8":0,"9":0,"10":0,"11":0,"12":0,"13":0,"14":0,"15":0,"16":0},"f":{"0":0},"b":{"0":[0,0],"1":[0,0]}}
,"C:\\Users\\Brian Kimurgor\\Desktop\\Employes-Leave-Management-System-\\src\\middleware\\bear_auth.ts": {"path":"C:\\Users\\Brian Kimurgor\\Desktop\\Employes-Leave-Management-System-\\src\\middleware\\bear_auth.ts","statementMap":{"0":{"start":{"line":2,"column":0},"end":{"line":2,"column":31}},"1":{"start":{"line":20,"column":28},"end":{"line":73,"column":1}},"2":{"start":{"line":21,"column":4},"end":{"line":72,"column":5}},"3":{"start":{"line":22,"column":27},"end":{"line":22,"column":52}},"4":{"start":{"line":24,"column":8},"end":{"line":29,"column":9}},"5":{"start":{"line":25,"column":12},"end":{"line":28,"column":15}},"6":{"start":{"line":31,"column":22},"end":{"line":31,"column":46}},"7":{"start":{"line":33,"column":8},"end":{"line":38,"column":9}},"8":{"start":{"line":34,"column":12},"end":{"line":37,"column":15}},"9":{"start":{"line":40,"column":26},"end":{"line":40,"column":48}},"10":{"start":{"line":42,"column":8},"end":{"line":47,"column":9}},"11":{"start":{"line":43,"column":12},"end":{"line":46,"column":15}},"12":{"start":{"line":50,"column":24},"end":{"line":50,"column":null}},"13":{"start":{"line":58,"column":8},"end":{"line":58,"column":31}},"14":{"start":{"line":59,"column":8},"end":{"line":59,"column":15}},"15":{"start":{"line":61,"column":8},"end":{"line":66,"column":9}},"16":{"start":{"line":62,"column":12},"end":{"line":65,"column":15}},"17":{"start":{"line":68,"column":8},"end":{"line":71,"column":11}},"18":{"start":{"line":20,"column":13},"end":{"line":20,"column":28}},"19":{"start":{"line":76,"column":25},"end":{"line":94,"column":1}},"20":{"start":{"line":77,"column":4},"end":{"line":93,"column":6}},"21":{"start":{"line":78,"column":8},"end":{"line":83,"column":9}},"22":{"start":{"line":79,"column":12},"end":{"line":82,"column":15}},"23":{"start":{"line":85,"column":8},"end":{"line":90,"column":9}},"24":{"start":{"line":86,"column":12},"end":{"line":89,"column":15}},"25":{"start":{"line":92,"column":8},"end":{"line":92,"column":15}},"26":{"start":{"line":76,"column":13},"end":{"line":76,"column":25}}},"fnMap":{"0":{"name":"(anonymous_1)","decl":{"start":{"line":20,"column":28},"end":{"line":20,"column":29}},"loc":{"start":{"line":20,"column":80},"end":{"line":73,"column":1}}},"1":{"name":"(anonymous_2)","decl":{"start":{"line":76,"column":25},"end":{"line":76,"column":26}},"loc":{"start":{"line":76,"column":45},"end":{"line":94,"column":1}}},"2":{"name":"(anonymous_3)","decl":{"start":{"line":77,"column":11},"end":{"line":77,"column":12}},"loc":{"start":{"line":77,"column":63},"end":{"line":93,"column":5}}}},"branchMap":{"0":{"loc":{"start":{"line":24,"column":8},"end":{"line":29,"column":9}},"type":"if","locations":[{"start":{"line":24,"column":8},"end":{"line":29,"column":9}},{"start":{},"end":{}}]},"1":{"loc":{"start":{"line":24,"column":12},"end":{"line":24,"column":60}},"type":"binary-expr","locations":[{"start":{"line":24,"column":12},"end":{"line":24,"column":23}},{"start":{"line":24,"column":27},"end":{"line":24,"column":60}}]},"2":{"loc":{"start":{"line":33,"column":8},"end":{"line":38,"column":9}},"type":"if","locations":[{"start":{"line":33,"column":8},"end":{"line":38,"column":9}},{"start":{},"end":{}}]},"3":{"loc":{"start":{"line":42,"column":8},"end":{"line":47,"column":9}},"type":"if","locations":[{"start":{"line":42,"column":8},"end":{"line":47,"column":9}},{"start":{},"end":{}}]},"4":{"loc":{"start":{"line":61,"column":8},"end":{"line":66,"column":9}},"type":"if","locations":[{"start":{"line":61,"column":8},"end":{"line":66,"column":9}},{"start":{},"end":{}}]},"5":{"loc":{"start":{"line":78,"column":8},"end":{"line":83,"column":9}},"type":"if","locations":[{"start":{"line":78,"column":8},"end":{"line":83,"column":9}},{"start":{},"end":{}}]},"6":{"loc":{"start":{"line":85,"column":8},"end":{"line":90,"column":9}},"type":"if","locations":[{"start":{"line":85,"column":8},"end":{"line":90,"column":9}},{"start":{},"end":{}}]}},"s":{"0":0,"1":0,"2":0,"3":0,"4":0,"5":0,"6":0,"7":0,"8":0,"9":0,"10":0,"11":0,"12":0,"13":0,"14":0,"15":0,"16":0,"17":0,"18":0,"19":0,"20":0,"21":0,"22":0,"23":0,"24":0,"25":0,"26":0},"f":{"0":0,"1":0,"2":0},"b":{"0":[0,0],"1":[0,0],"2":[0,0],"3":[0,0],"4":[0,0],"5":[0,0],"6":[0,0]}}
,"C:\\Users\\Brian Kimurgor\\Desktop\\Employes-Leave-Management-System-\\src\\repositories\\department.repositories.ts": {"path":"C:\\Users\\Brian Kimurgor\\Desktop\\Employes-Leave-Management-System-\\src\\repositories\\department.repositories.ts","statementMap":{"0":{"start":{"line":1,"column":0},"end":{"line":1,"column":39}},"1":{"start":{"line":2,"column":0},"end":{"line":2,"column":24}},"2":{"start":{"line":5,"column":33},"end":{"line":14,"column":1}},"3":{"start":{"line":6,"column":2},"end":{"line":13,"column":3}},"4":{"start":{"line":7,"column":17},"end":{"line":7,"column":32}},"5":{"start":{"line":8,"column":19},"end":{"line":8,"column":74}},"6":{"start":{"line":9,"column":4},"end":{"line":9,"column":28}},"7":{"start":{"line":11,"column":4},"end":{"line":11,"column":56}},"8":{"start":{"line":12,"column":4},"end":{"line":12,"column":16}},"9":{"start":{"line":5,"column":13},"end":{"line":5,"column":33}},"10":{"start":{"line":17,"column":36},"end":{"line":28,"column":1}},"11":{"start":{"line":18,"column":2},"end":{"line":27,"column":3}},"12":{"start":{"line":19,"column":17},"end":{"line":19,"column":32}},"13":{"start":{"line":20,"column":4},"end":{"line":23,"column":84}},"14":{"start":{"line":25,"column":4},"end":{"line":25,"column":55}},"15":{"start":{"line":26,"column":4},"end":{"line":26,"column":16}},"16":{"start":{"line":17,"column":13},"end":{"line":17,"column":36}},"17":{"start":{"line":31,"column":36},"end":{"line":45,"column":1}},"18":{"start":{"line":32,"column":2},"end":{"line":44,"column":3}},"19":{"start":{"line":33,"column":17},"end":{"line":33,"column":32}},"20":{"start":{"line":34,"column":4},"end":{"line":40,"column":8}},"21":{"start":{"line":42,"column":4},"end":{"line":42,"column":55}},"22":{"start":{"line":43,"column":4},"end":{"line":43,"column":16}},"23":{"start":{"line":31,"column":13},"end":{"line":31,"column":36}},"24":{"start":{"line":48,"column":36},"end":{"line":59,"column":1}},"25":{"start":{"line":49,"column":2},"end":{"line":58,"column":3}},"26":{"start":{"line":50,"column":17},"end":{"line":50,"column":32}},"27":{"start":{"line":51,"column":4},"end":{"line":54,"column":77}},"28":{"start":{"line":56,"column":4},"end":{"line":56,"column":55}},"29":{"start":{"line":57,"column":4},"end":{"line":57,"column":16}},"30":{"start":{"line":48,"column":13},"end":{"line":48,"column":36}}},"fnMap":{"0":{"name":"(anonymous_1)","decl":{"start":{"line":5,"column":33},"end":{"line":5,"column":38}},"loc":{"start":{"line":5,"column":44},"end":{"line":14,"column":1}}},"1":{"name":"(anonymous_2)","decl":{"start":{"line":17,"column":36},"end":{"line":17,"column":41}},"loc":{"start":{"line":17,"column":70},"end":{"line":28,"column":1}}},"2":{"name":"(anonymous_3)","decl":{"start":{"line":31,"column":36},"end":{"line":31,"column":41}},"loc":{"start":{"line":31,"column":93},"end":{"line":45,"column":1}}},"3":{"name":"(anonymous_4)","decl":{"start":{"line":48,"column":36},"end":{"line":48,"column":41}},"loc":{"start":{"line":48,"column":68},"end":{"line":59,"column":1}}}},"branchMap":{},"s":{"0":0,"1":0,"2":0,"3":0,"4":0,"5":0,"6":0,"7":0,"8":0,"9":0,"10":0,"11":0,"12":0,"13":0,"14":0,"15":0,"16":0,"17":0,"18":0,"19":0,"20":0,"21":0,"22":0,"23":0,"24":0,"25":0,"26":0,"27":0,"28":0,"29":0,"30":0},"f":{"0":0,"1":0,"2":0,"3":0},"b":{}}
,"C:\\Users\\Brian Kimurgor\\Desktop\\Employes-Leave-Management-System-\\src\\repositories\\employees.repositories.ts": {"path":"C:\\Users\\Brian Kimurgor\\Desktop\\Employes-Leave-Management-System-\\src\\repositories\\employees.repositories.ts","statementMap":{"0":{"start":{"line":3,"column":0},"end":{"line":3,"column":37}},"1":{"start":{"line":8,"column":30},"end":{"line":22,"column":1}},"2":{"start":{"line":9,"column":17},"end":{"line":9,"column":32}},"3":{"start":{"line":10,"column":4},"end":{"line":19,"column":null}},"4":{"start":{"line":21,"column":4},"end":{"line":21,"column":51}},"5":{"start":{"line":8,"column":13},"end":{"line":8,"column":30}},"6":{"start":{"line":25,"column":30},"end":{"line":36,"column":1}},"7":{"start":{"line":26,"column":17},"end":{"line":26,"column":32}},"8":{"start":{"line":27,"column":4},"end":{"line":30,"column":null}},"9":{"start":{"line":32,"column":6},"end":{"line":32,"column":52}},"10":{"start":{"line":25,"column":13},"end":{"line":25,"column":30}},"11":{"start":{"line":38,"column":31},"end":{"line":47,"column":1}},"12":{"start":{"line":39,"column":17},"end":{"line":39,"column":32}},"13":{"start":{"line":40,"column":18},"end":{"line":43,"column":70}},"14":{"start":{"line":44,"column":4},"end":{"line":44,"column":31}},"15":{"start":{"line":38,"column":13},"end":{"line":38,"column":31}},"16":{"start":{"line":49,"column":27},"end":{"line":57,"column":1}},"17":{"start":{"line":50,"column":17},"end":{"line":50,"column":32}},"18":{"start":{"line":51,"column":19},"end":{"line":53,"column":37}},"19":{"start":{"line":55,"column":4},"end":{"line":55,"column":28}},"20":{"start":{"line":49,"column":13},"end":{"line":49,"column":27}},"21":{"start":{"line":60,"column":30},"end":{"line":76,"column":1}},"22":{"start":{"line":61,"column":13},"end":{"line":61,"column":28}},"23":{"start":{"line":62,"column":0},"end":{"line":72,"column":226}},"24":{"start":{"line":74,"column":4},"end":{"line":74,"column":56}},"25":{"start":{"line":60,"column":14},"end":{"line":60,"column":30}},"26":{"start":{"line":79,"column":35},"end":{"line":89,"column":1}},"27":{"start":{"line":81,"column":17},"end":{"line":81,"column":32}},"28":{"start":{"line":82,"column":18},"end":{"line":85,"column":57}},"29":{"start":{"line":87,"column":4},"end":{"line":87,"column":39}},"30":{"start":{"line":79,"column":14},"end":{"line":79,"column":35}},"31":{"start":{"line":92,"column":35},"end":{"line":102,"column":1}},"32":{"start":{"line":93,"column":17},"end":{"line":93,"column":32}},"33":{"start":{"line":94,"column":4},"end":{"line":98,"column":100}},"34":{"start":{"line":100,"column":4},"end":{"line":100,"column":50}},"35":{"start":{"line":92,"column":13},"end":{"line":92,"column":35}},"36":{"start":{"line":106,"column":31},"end":{"line":118,"column":1}},"37":{"start":{"line":107,"column":17},"end":{"line":107,"column":32}},"38":{"start":{"line":108,"column":4},"end":{"line":111,"column":98}},"39":{"start":{"line":113,"column":4},"end":{"line":113,"column":57}},"40":{"start":{"line":106,"column":14},"end":{"line":106,"column":31}}},"fnMap":{"0":{"name":"(anonymous_0)","decl":{"start":{"line":8,"column":30},"end":{"line":8,"column":35}},"loc":{"start":{"line":8,"column":62},"end":{"line":22,"column":1}}},"1":{"name":"(anonymous_1)","decl":{"start":{"line":25,"column":30},"end":{"line":25,"column":35}},"loc":{"start":{"line":25,"column":59},"end":{"line":36,"column":1}}},"2":{"name":"(anonymous_2)","decl":{"start":{"line":38,"column":31},"end":{"line":38,"column":36}},"loc":{"start":{"line":38,"column":81},"end":{"line":47,"column":1}}},"3":{"name":"(anonymous_3)","decl":{"start":{"line":49,"column":27},"end":{"line":49,"column":32}},"loc":{"start":{"line":49,"column":59},"end":{"line":57,"column":1}}},"4":{"name":"(anonymous_4)","decl":{"start":{"line":60,"column":30},"end":{"line":60,"column":35}},"loc":{"start":{"line":60,"column":84},"end":{"line":76,"column":1}}},"5":{"name":"(anonymous_5)","decl":{"start":{"line":79,"column":35},"end":{"line":79,"column":40}},"loc":{"start":{"line":79,"column":81},"end":{"line":89,"column":1}}},"6":{"name":"(anonymous_6)","decl":{"start":{"line":92,"column":35},"end":{"line":92,"column":40}},"loc":{"start":{"line":92,"column":68},"end":{"line":102,"column":1}}},"7":{"name":"(anonymous_7)","decl":{"start":{"line":106,"column":31},"end":{"line":106,"column":36}},"loc":{"start":{"line":106,"column":54},"end":{"line":118,"column":1}}}},"branchMap":{"0":{"loc":{"start":{"line":87,"column":11},"end":{"line":87,"column":38}},"type":"binary-expr","locations":[{"start":{"line":87,"column":11},"end":{"line":87,"column":30}},{"start":{"line":87,"column":34},"end":{"line":87,"column":38}}]}},"s":{"0":0,"1":0,"2":0,"3":0,"4":0,"5":0,"6":0,"7":0,"8":0,"9":0,"10":0,"11":0,"12":0,"13":0,"14":0,"15":0,"16":0,"17":0,"18":0,"19":0,"20":0,"21":0,"22":0,"23":0,"24":0,"25":0,"26":0,"27":0,"28":0,"29":0,"30":0,"31":0,"32":0,"33":0,"34":0,"35":0,"36":0,"37":0,"38":0,"39":0,"40":0},"f":{"0":0,"1":0,"2":0,"3":0,"4":0,"5":0,"6":0,"7":0},"b":{"0":[0,0]}}
,"C:\\Users\\Brian Kimurgor\\Desktop\\Employes-Leave-Management-System-\\src\\repositories\\leave_balance.repositories.ts": {"path":"C:\\Users\\Brian Kimurgor\\Desktop\\Employes-Leave-Management-System-\\src\\repositories\\leave_balance.repositories.ts","statementMap":{"0":{"start":{"line":1,"column":0},"end":{"line":1,"column":39}},"1":{"start":{"line":5,"column":35},"end":{"line":12,"column":1}},"2":{"start":{"line":6,"column":17},"end":{"line":6,"column":32}},"3":{"start":{"line":7,"column":19},"end":{"line":10,"column":77}},"4":{"start":{"line":11,"column":4},"end":{"line":11,"column":31}},"5":{"start":{"line":5,"column":13},"end":{"line":5,"column":35}},"6":{"start":{"line":15,"column":22},"end":{"line":30,"column":1}},"7":{"start":{"line":17,"column":19},"end":{"line":17,"column":34}},"8":{"start":{"line":18,"column":21},"end":{"line":26,"column":10}},"9":{"start":{"line":28,"column":4},"end":{"line":28,"column":31}},"10":{"start":{"line":15,"column":13},"end":{"line":15,"column":22}},"11":{"start":{"line":32,"column":29},"end":{"line":47,"column":1}},"12":{"start":{"line":34,"column":17},"end":{"line":34,"column":32}},"13":{"start":{"line":35,"column":19},"end":{"line":45,"column":10}},"14":{"start":{"line":46,"column":8},"end":{"line":46,"column":35}},"15":{"start":{"line":32,"column":13},"end":{"line":32,"column":29}},"16":{"start":{"line":51,"column":26},"end":{"line":66,"column":9}},"17":{"start":{"line":52,"column":17},"end":{"line":52,"column":32}},"18":{"start":{"line":53,"column":19},"end":{"line":62,"column":10}},"19":{"start":{"line":64,"column":8},"end":{"line":64,"column":35}},"20":{"start":{"line":51,"column":13},"end":{"line":51,"column":26}},"21":{"start":{"line":68,"column":29},"end":{"line":82,"column":1}},"22":{"start":{"line":69,"column":17},"end":{"line":69,"column":32}},"23":{"start":{"line":70,"column":19},"end":{"line":79,"column":10}},"24":{"start":{"line":81,"column":4},"end":{"line":81,"column":31}},"25":{"start":{"line":68,"column":13},"end":{"line":68,"column":29}},"26":{"start":{"line":85,"column":23},"end":{"line":98,"column":1}},"27":{"start":{"line":86,"column":17},"end":{"line":86,"column":32}},"28":{"start":{"line":87,"column":19},"end":{"line":95,"column":10}},"29":{"start":{"line":97,"column":4},"end":{"line":97,"column":28}},"30":{"start":{"line":85,"column":13},"end":{"line":85,"column":23}},"31":{"start":{"line":100,"column":34},"end":{"line":106,"column":1}},"32":{"start":{"line":101,"column":17},"end":{"line":101,"column":32}},"33":{"start":{"line":102,"column":4},"end":{"line":104,"column":75}},"34":{"start":{"line":105,"column":4},"end":{"line":105,"column":62}},"35":{"start":{"line":100,"column":13},"end":{"line":100,"column":34}}},"fnMap":{"0":{"name":"(anonymous_0)","decl":{"start":{"line":5,"column":35},"end":{"line":5,"column":40}},"loc":{"start":{"line":5,"column":64},"end":{"line":12,"column":1}}},"1":{"name":"(anonymous_1)","decl":{"start":{"line":15,"column":22},"end":{"line":15,"column":27}},"loc":{"start":{"line":15,"column":77},"end":{"line":30,"column":1}}},"2":{"name":"(anonymous_2)","decl":{"start":{"line":32,"column":29},"end":{"line":32,"column":34}},"loc":{"start":{"line":32,"column":70},"end":{"line":47,"column":1}}},"3":{"name":"(anonymous_3)","decl":{"start":{"line":51,"column":26},"end":{"line":51,"column":31}},"loc":{"start":{"line":51,"column":70},"end":{"line":66,"column":9}}},"4":{"name":"(anonymous_4)","decl":{"start":{"line":68,"column":29},"end":{"line":68,"column":34}},"loc":{"start":{"line":68,"column":81},"end":{"line":82,"column":1}}},"5":{"name":"(anonymous_5)","decl":{"start":{"line":85,"column":23},"end":{"line":85,"column":28}},"loc":{"start":{"line":85,"column":60},"end":{"line":98,"column":1}}},"6":{"name":"(anonymous_6)","decl":{"start":{"line":100,"column":34},"end":{"line":100,"column":39}},"loc":{"start":{"line":100,"column":63},"end":{"line":106,"column":1}}}},"branchMap":{"0":{"loc":{"start":{"line":15,"column":49},"end":{"line":15,"column":73}},"type":"default-arg","locations":[{"start":{"line":15,"column":69},"end":{"line":15,"column":73}}]}},"s":{"0":0,"1":0,"2":0,"3":0,"4":0,"5":0,"6":0,"7":0,"8":0,"9":0,"10":0,"11":0,"12":0,"13":0,"14":0,"15":0,"16":0,"17":0,"18":0,"19":0,"20":0,"21":0,"22":0,"23":0,"24":0,"25":0,"26":0,"27":0,"28":0,"29":0,"30":0,"31":0,"32":0,"33":0,"34":0,"35":0},"f":{"0":0,"1":0,"2":0,"3":0,"4":0,"5":0,"6":0},"b":{"0":[0]}}
,"C:\\Users\\Brian Kimurgor\\Desktop\\Employes-Leave-Management-System-\\src\\repositories\\leave_request.repositories.ts": {"path":"C:\\Users\\Brian Kimurgor\\Desktop\\Employes-Leave-Management-System-\\src\\repositories\\leave_request.repositories.ts","statementMap":{"0":{"start":{"line":1,"column":12},"end":{"line":1,"column":28}},"1":{"start":{"line":2,"column":0},"end":{"line":2,"column":37}},"2":{"start":{"line":7,"column":33},"end":{"line":25,"column":9}},"3":{"start":{"line":9,"column":25},"end":{"line":9,"column":40}},"4":{"start":{"line":10,"column":13},"end":{"line":19,"column":219}},"5":{"start":{"line":22,"column":14},"end":{"line":22,"column":62}},"6":{"start":{"line":7,"column":17},"end":{"line":7,"column":33}},"7":{"start":{"line":28,"column":35},"end":{"line":45,"column":1}},"8":{"start":{"line":29,"column":17},"end":{"line":29,"column":32}},"9":{"start":{"line":30,"column":19},"end":{"line":42,"column":10}},"10":{"start":{"line":44,"column":4},"end":{"line":44,"column":31}},"11":{"start":{"line":28,"column":16},"end":{"line":28,"column":35}},"12":{"start":{"line":47,"column":38},"end":{"line":64,"column":5}},"13":{"start":{"line":49,"column":25},"end":{"line":49,"column":40}},"14":{"start":{"line":50,"column":27},"end":{"line":60,"column":18}},"15":{"start":{"line":61,"column":16},"end":{"line":61,"column":43}},"16":{"start":{"line":47,"column":13},"end":{"line":47,"column":38}},"17":{"start":{"line":67,"column":38},"end":{"line":86,"column":5}},"18":{"start":{"line":69,"column":25},"end":{"line":69,"column":40}},"19":{"start":{"line":70,"column":27},"end":{"line":83,"column":18}},"20":{"start":{"line":84,"column":12},"end":{"line":84,"column":36}},"21":{"start":{"line":67,"column":18},"end":{"line":67,"column":38}},"22":{"start":{"line":89,"column":33},"end":{"line":110,"column":5}},"23":{"start":{"line":91,"column":25},"end":{"line":91,"column":40}},"24":{"start":{"line":92,"column":27},"end":{"line":104,"column":18}},"25":{"start":{"line":106,"column":12},"end":{"line":106,"column":36}},"26":{"start":{"line":89,"column":17},"end":{"line":89,"column":33}},"27":{"start":{"line":113,"column":39},"end":{"line":128,"column":5}},"28":{"start":{"line":115,"column":25},"end":{"line":115,"column":40}},"29":{"start":{"line":116,"column":27},"end":{"line":125,"column":18}},"30":{"start":{"line":126,"column":12},"end":{"line":126,"column":39}},"31":{"start":{"line":113,"column":18},"end":{"line":113,"column":39}},"32":{"start":{"line":131,"column":32},"end":{"line":141,"column":5}},"33":{"start":{"line":133,"column":25},"end":{"line":133,"column":40}},"34":{"start":{"line":134,"column":12},"end":{"line":137,"column":83}},"35":{"start":{"line":139,"column":17},"end":{"line":139,"column":63}},"36":{"start":{"line":131,"column":17},"end":{"line":131,"column":32}},"37":{"start":{"line":144,"column":31},"end":{"line":174,"column":5}},"38":{"start":{"line":145,"column":8},"end":{"line":173,"column":9}},"39":{"start":{"line":146,"column":25},"end":{"line":146,"column":40}},"40":{"start":{"line":147,"column":28},"end":{"line":151,"column":44}},"41":{"start":{"line":153,"column":24},"end":{"line":162,"column":14}},"42":{"start":{"line":164,"column":12},"end":{"line":167,"column":13}},"43":{"start":{"line":165,"column":16},"end":{"line":165,"column":71}},"44":{"start":{"line":166,"column":16},"end":{"line":166,"column":58}},"45":{"start":{"line":169,"column":27},"end":{"line":169,"column":53}},"46":{"start":{"line":170,"column":12},"end":{"line":170,"column":36}},"47":{"start":{"line":172,"column":12},"end":{"line":172,"column":32}},"48":{"start":{"line":144,"column":17},"end":{"line":144,"column":31}}},"fnMap":{"0":{"name":"(anonymous_0)","decl":{"start":{"line":7,"column":33},"end":{"line":7,"column":38}},"loc":{"start":{"line":7,"column":68},"end":{"line":25,"column":9}}},"1":{"name":"(anonymous_1)","decl":{"start":{"line":28,"column":35},"end":{"line":28,"column":40}},"loc":{"start":{"line":28,"column":88},"end":{"line":45,"column":1}}},"2":{"name":"(anonymous_2)","decl":{"start":{"line":47,"column":38},"end":{"line":47,"column":43}},"loc":{"start":{"line":47,"column":90},"end":{"line":64,"column":5}}},"3":{"name":"(anonymous_3)","decl":{"start":{"line":67,"column":38},"end":{"line":67,"column":43}},"loc":{"start":{"line":67,"column":47},"end":{"line":86,"column":5}}},"4":{"name":"(anonymous_4)","decl":{"start":{"line":89,"column":33},"end":{"line":89,"column":38}},"loc":{"start":{"line":89,"column":68},"end":{"line":110,"column":5}}},"5":{"name":"(anonymous_5)","decl":{"start":{"line":113,"column":39},"end":{"line":113,"column":44}},"loc":{"start":{"line":113,"column":81},"end":{"line":128,"column":5}}},"6":{"name":"(anonymous_6)","decl":{"start":{"line":131,"column":32},"end":{"line":131,"column":37}},"loc":{"start":{"line":131,"column":59},"end":{"line":141,"column":5}}},"7":{"name":"(anonymous_7)","decl":{"start":{"line":144,"column":31},"end":{"line":144,"column":36}},"loc":{"start":{"line":144,"column":115},"end":{"line":174,"column":5}}}},"branchMap":{"0":{"loc":{"start":{"line":144,"column":89},"end":{"line":144,"column":112}},"type":"default-arg","locations":[{"start":{"line":144,"column":108},"end":{"line":144,"column":112}}]},"1":{"loc":{"start":{"line":164,"column":12},"end":{"line":167,"column":13}},"type":"if","locations":[{"start":{"line":164,"column":12},"end":{"line":167,"column":13}},{"start":{},"end":{}}]}},"s":{"0":0,"1":0,"2":0,"3":0,"4":0,"5
[...]
e":39,"column":29},"end":{"line":39,"column":82}},"23":{"start":{"line":42,"column":22},"end":{"line":42,"column":69}},"24":{"start":{"line":44,"column":4},"end":{"line":46,"column":5}},"25":{"start":{"line":45,"column":8},"end":{"line":45,"column":69}},"26":{"start":{"line":49,"column":24},"end":{"line":52,"column":16}},"27":{"start":{"line":54,"column":4},"end":{"line":56,"column":5}},"28":{"start":{"line":55,"column":8},"end":{"line":55,"column":76}},"29":{"start":{"line":59,"column":17},"end":{"line":59,"column":78}},"30":{"start":{"line":66,"column":4},"end":{"line":66,"column":null}},"31":{"start":{"line":68,"column":4},"end":{"line":70,"column":5}},"32":{"start":{"line":69,"column":6},"end":{"line":69,"column":123}},"33":{"start":{"line":72,"column":41},"end":{"line":80,"column":7}},"34":{"start":{"line":82,"column":27},"end":{"line":82,"column":84}},"35":{"start":{"line":29,"column":13},"end":{"line":29,"column":34}},"36":{"start":{"line":97,"column":35},"end":{"line":117,"column":1}},"37":{"start":{"line":98,"column":2},"end":{"line":116,"column":3}},"38":{"start":{"line":99,"column":25},"end":{"line":99,"column":82}},"39":{"start":{"line":100,"column":4},"end":{"line":100,"column":66}},"40":{"start":{"line":100,"column":23},"end":{"line":100,"column":66}},"41":{"start":{"line":101,"column":4},"end":{"line":102,"column":92}},"42":{"start":{"line":102,"column":9},"end":{"line":102,"column":92}},"43":{"start":{"line":105,"column":4},"end":{"line":105,"column":98}},"44":{"start":{"line":108,"column":27},"end":{"line":108,"column":100}},"45":{"start":{"line":111,"column":4},"end":{"line":111,"column":107}},"46":{"start":{"line":113,"column":4},"end":{"line":113,"column":26}},"47":{"start":{"line":115,"column":4},"end":{"line":115,"column":16}},"48":{"start":{"line":97,"column":13},"end":{"line":97,"column":35}},"49":{"start":{"line":121,"column":34},"end":{"line":136,"column":1}},"50":{"start":{"line":122,"column":2},"end":{"line":135,"column":3}},"51":{"start":{"line":123,"column":25},"end":{"line":123,"column":82}},"52":{"start":{"line":124,"column":4},"end":{"line":124,"column":66}},"53":{"start":{"line":124,"column":23},"end":{"line":124,"column":66}},"54":{"start":{"line":125,"column":4},"end":{"line":125,"column":125}},"55":{"start":{"line":125,"column":43},"end":{"line":125,"column":125}},"56":{"start":{"line":127,"column":27},"end":{"line":127,"column":100}},"57":{"start":{"line":130,"column":6},"end":{"line":130,"column":110}},"58":{"start":{"line":132,"column":4},"end":{"line":132,"column":26}},"59":{"start":{"line":134,"column":4},"end":{"line":134,"column":16}},"60":{"start":{"line":121,"column":13},"end":{"line":121,"column":34}},"61":{"start":{"line":140,"column":34},"end":{"line":153,"column":1}},"62":{"start":{"line":141,"column":2},"end":{"line":152,"column":3}},"63":{"start":{"line":142,"column":25},"end":{"line":142,"column":82}},"64":{"start":{"line":143,"column":4},"end":{"line":143,"column":66}},"65":{"start":{"line":143,"column":23},"end":{"line":143,"column":66}},"66":{"start":{"line":144,"column":4},"end":{"line":144,"column":113}},"67":{"start":{"line":144,"column":50},"end":{"line":144,"column":113}},"68":{"start":{"line":145,"column":4},"end":{"line":145,"column":101}},"69":{"start":{"line":145,"column":43},"end":{"line":145,"column":101}},"70":{"start":{"line":147,"column":4},"end":{"line":147,"column":60}},"71":{"start":{"line":149,"column":4},"end":{"line":149,"column":63}},"72":{"start":{"line":151,"column":4},"end":{"line":151,"column":16}},"73":{"start":{"line":140,"column":13},"end":{"line":140,"column":34}},"74":{"start":{"line":156,"column":40},"end":{"line":160,"column":3}},"75":{"start":{"line":157,"column":20},"end":{"line":158,"column":64}},"76":{"start":{"line":159,"column":4},"end":{"line":159,"column":24}},"77":{"start":{"line":156,"column":13},"end":{"line":156,"column":40}},"78":{"start":{"line":164,"column":39},"end":{"line":170,"column":1}},"79":{"start":{"line":165,"column":2},"end":{"line":169,"column":3}},"80":{"start":{"line":166,"column":4},"end":{"line":166,"column":62}},"81":{"start":{"line":168,"column":4},"end":{"line":168,"column":16}},"82":{"start":{"line":164,"column":13},"end":{"line":164,"column":39}},"83":{"start":{"line":174,"column":35},"end":{"line":180,"column":1}},"84":{"start":{"line":175,"column":2},"end":{"line":179,"column":3}},"85":{"start":{"line":176,"column":4},"end":{"line":176,"column":58}},"86":{"start":{"line":178,"column":4},"end":{"line":178,"column":16}},"87":{"start":{"line":174,"column":13},"end":{"line":174,"column":35}},"88":{"start":{"line":184,"column":35},"end":{"line":190,"column":1}},"89":{"start":{"line":185,"column":2},"end":{"line":189,"column":3}},"90":{"start":{"line":186,"column":4},"end":{"line":186,"column":69}},"91":{"start":{"line":188,"column":4},"end":{"line":188,"column":16}},"92":{"start":{"line":184,"column":13},"end":{"line":184,"column":35}},"93":{"start":{"line":194,"column":34},"end":{"line":205,"column":1}},"94":{"start":{"line":195,"column":2},"end":{"line":204,"column":3}},"95":{"start":{"line":196,"column":18},"end":{"line":197,"column":60}},"96":{"start":{"line":198,"column":4},"end":{"line":200,"column":5}},"97":{"start":{"line":199,"column":8},"end":{"line":199,"column":73}},"98":{"start":{"line":201,"column":4},"end":{"line":201,"column":19}},"99":{"start":{"line":203,"column":4},"end":{"line":203,"column":16}},"100":{"start":{"line":194,"column":13},"end":{"line":194,"column":34}}},"fnMap":{"0":{"name":"(anonymous_9)","decl":{"start":{"line":10,"column":37},"end":{"line":10,"column":42}},"loc":{"start":{"line":10,"column":97},"end":{"line":24,"column":1}}},"1":{"name":"(anonymous_10)","decl":{"start":{"line":29,"column":34},"end":{"line":29,"column":39}},"loc":{"start":{"line":29,"column":93},"end":{"line":83,"column":5}}},"2":{"name":"(anonymous_11)","decl":{"start":{"line":97,"column":35},"end":{"line":97,"column":40}},"loc":{"start":{"line":97,"column":85},"end":{"line":117,"column":1}}},"3":{"name":"(anonymous_12)","decl":{"start":{"line":121,"column":34},"end":{"line":121,"column":39}},"loc":{"start":{"line":121,"column":84},"end":{"line":136,"column":1}}},"4":{"name":"(anonymous_13)","decl":{"start":{"line":140,"column":34},"end":{"line":140,"column":39}},"loc":{"start":{"line":140,"column":84},"end":{"line":153,"column":1}}},"5":{"name":"(anonymous_14)","decl":{"start":{"line":156,"column":40},"end":{"line":156,"column":45}},"loc":{"start":{"line":156,"column":70},"end":{"line":160,"column":3}}},"6":{"name":"(anonymous_15)","decl":{"start":{"line":164,"column":39},"end":{"line":164,"column":44}},"loc":{"start":{"line":164,"column":50},"end":{"line":170,"column":1}}},"7":{"name":"(anonymous_16)","decl":{"start":{"line":174,"column":35},"end":{"line":174,"column":40}},"loc":{"start":{"line":174,"column":46},"end":{"line":180,"column":1}}},"8":{"name":"(anonymous_17)","decl":{"start":{"line":184,"column":35},"end":{"line":184,"column":40}},"loc":{"start":{"line":184,"column":64},"end":{"line":190,"column":1}}},"9":{"name":"(anonymous_18)","decl":{"start":{"line":194,"column":34},"end":{"line":194,"column":39}},"loc":{"start":{"line":194,"column":64},"end":{"line":205,"column":1}}}},"branchMap":{"0":{"loc":{"start":{"line":17,"column":4},"end":{"line":19,"column":5}},"type":"if","locations":[{"start":{"line":17,"column":4},"end":{"line":19,"column":5}},{"start":{},"end":{}}]},"1":{"loc":{"start":{"line":17,"column":8},"end":{"line":17,"column":42}},"type":"binary-expr","locations":[{"start":{"line":17,"column":8},"end":{"line":17,"column":23}},{"start":{"line":17,"column":27},"end":{"line":17,"column":42}}]},"2":{"loc":{"start":{"line":37,"column":4},"end":{"line":38,"column":60}},"type":"if","locations":[{"start":{"line":37,"column":4},"end":{"line":38,"column":60}},{"start":{},"end":{}}]},"3":{"loc":{"start":{"line":39,"column":4},"end":{"line":39,"column":82}},"type":"if","locations":[{"start":{"line":39,"column":4},"end":{"line":39,"column":82}},{"start":{},"end":{}}]},"4":{"loc":{"start":{"line":44,"column":4},"end":{"line":46,"column":5}},"type":"if","locations":[{"start":{"line":44,"column":4},"end":{"line":46,"column":5}},{"start":{},"end":{}}]},"5":{"loc":{"start":{"line":54,"column":4},"end":{"line":56,"column":5}},"type":"if","locations":[{"start":{"line":54,"column":4},"end":{"line":56,"column":5}},{"start":{},"end":{}}]},"6":{"loc":{"start":{"line":68,"column":4},"end":{"line":70,"column":5}},"type":"if","locations":[{"start":{"line":68,"column":4},"end":{"line":70,"column":5}},{"start":{},"end":{}}]},"7":{"loc":{"start":{"line":100,"column":4},"end":{"line":100,"column":66}},"type":"if","locations":[{"start":{"line":100,"column":4},"end":{"line":100,"column":66}},{"start":{},"end":{}}]},"8":{"loc":{"start":{"line":101,"column":4},"end":{"line":102,"column":92}},"type":"if","locations":[{"start":{"line":101,"column":4},"end":{"line":102,"column":92}},{"start":{},"end":{}}]},"9":{"loc":{"start":{"line":124,"column":4},"end":{"line":124,"column":66}},"type":"if","locations":[{"start":{"line":124,"column":4},"end":{"line":124,"column":66}},{"start":{},"end":{}}]},"10":{"loc":{"start":{"line":125,"column":4},"end":{"line":125,"column":125}},"type":"if","locations":[{"start":{"line":125,"column":4},"end":{"line":125,"column":125}},{"start":{},"end":{}}]},"11":{"loc":{"start":{"line":143,"column":4},"end":{"line":143,"column":66}},"type":"if","locations":[{"start":{"line":143,"column":4},"end":{"line":143,"column":66}},{"start":{},"end":{}}]},"12":{"loc":{"start":{"line":144,"column":4},"end":{"line":144,"column":113}},"type":"if","locations":[{"start":{"line":144,"column":4},"end":{"line":144,"column":113}},{"start":{},"end":{}}]},"13":{"loc":{"start":{"line":145,"column":4},"end":{"line":145,"column":101}},"type":"if","locations":[{"start":{"line":145,"column":4},"end":{"line":145,"column":101}},{"start":{},"end":{}}]},"14":{"loc":{"start":{"line":159,"column":11},"end":{"line":159,"column":23}},"type":"binary-expr","locations":[{"start":{"line":159,"column":11},"end":{"line":159,"column":19}},{"start":{"line":159,"column":21},"end":{"line":159,"column":23}}]},"15":{"loc":{"start":{"line":198,"column":4},"end":{"line":200,"column":5}},"type":"if","locations":[{"start":{"line":198,"column":4},"end":{"line":200,"column":5}},{"start":{},"end":{}}]}},"s":{"0":0,"1":0,"2":0,"3":0,"4":0,"5":0,"6":0,"7":0,"8":0,"9":0,"10":0,"11":0,"12":0,"13":0,"14":0,"15":0,"16":0,"17":0,"18":0,"19":0,"20":0,"21":0,"22":0,"23":0,"24":0,"25":0,"26":0,"27":0,"28":0,"29":0,"30":0,"31":0,"32":0,"33":0,"34":0,"35":0,"36":0,"37":0,"38":0,"39":0,"40":0,"41":0,"42":0,"43":0,"44":0,"45":0,"46":0,"47":0,"48":0,"49":0,"50":0,"51":0,"52":0,"53":0,"54":0,"55":0,"56":0,"57":0,"58":0,"59":0,"60":0,"61":0,"62":0,"63":0,"64":0,"65":0,"66":0,"67":0,"68":0,"69":0,"70":0,"71":0,"72":0,"73":0,"74":0,"75":0,"76":0,"77":0,"78":0,"79":0,"80":0,"81":0,"82":0,"83":0,"84":0,"85":0,"86":0,"87":0,"88":0,"89":0,"90":0,"91":0,"92":0,"93":0,"94":0,"95":0,"96":0,"97":0,"98":0,"99":0,"100":0},"f":{"0":0,"1":0,"2":0,"3":0,"4":0,"5":0,"6":0,"7":0,"8":0,"9":0},"b":{"0":[0,0],"1":[0,0],"2":[0,0],"3":[0,0],"4":[0,0],"5":[0,0],"6":[0,0],"7":[0,0],"8":[0,0],"9":[0,0],"10":[0,0],"11":[0,0],"12":[0,0],"13":[0,0],"14":[0,0],"15":[0,0]}}
,"C:\\Users\\Brian Kimurgor\\Desktop\\Employes-Leave-Management-System-\\src\\services\\leave_types.services.ts": {"path":"C:\\Users\\Brian Kimurgor\\Desktop\\Employes-Leave-Management-System-\\src\\services\\leave_types.services.ts","statementMap":{"0":{"start":{"line":1,"column":0},"end":{"line":1,"column":80}},"1":{"start":{"line":4,"column":30},"end":{"line":6,"column":1}},"2":{"start":{"line":5,"column":4},"end":{"line":5,"column":56}},"3":{"start":{"line":4,"column":13},"end":{"line":4,"column":30}},"4":{"start":{"line":8,"column":28},"end":{"line":14,"column":1}},"5":{"start":{"line":9,"column":22},"end":{"line":9,"column":68}},"6":{"start":{"line":10,"column":4},"end":{"line":12,"column":5}},"7":{"start":{"line":11,"column":8},"end":{"line":11,"column":48}},"8":{"start":{"line":13,"column":4},"end":{"line":13,"column":21}},"9":{"start":{"line":8,"column":13},"end":{"line":8,"column":28}},"10":{"start":{"line":16,"column":31},"end":{"line":18,"column":1}},"11":{"start":{"line":17,"column":4},"end":{"line":17,"column":64}},"12":{"start":{"line":16,"column":13},"end":{"line":16,"column":31}},"13":{"start":{"line":20,"column":31},"end":{"line":26,"column":1}},"14":{"start":{"line":21,"column":30},"end":{"line":21,"column":76}},"15":{"start":{"line":22,"column":4},"end":{"line":24,"column":5}},"16":{"start":{"line":23,"column":8},"end":{"line":23,"column":48}},"17":{"start":{"line":25,"column":4},"end":{"line":25,"column":68}},"18":{"start":{"line":20,"column":13},"end":{"line":20,"column":31}},"19":{"start":{"line":28,"column":31},"end":{"line":34,"column":1}},"20":{"start":{"line":29,"column":30},"end":{"line":29,"column":76}},"21":{"start":{"line":30,"column":4},"end":{"line":32,"column":5}},"22":{"start":{"line":31,"column":8},"end":{"line":31,"column":48}},"23":{"start":{"line":33,"column":4},"end":{"line":33,"column":57}},"24":{"start":{"line":28,"column":13},"end":{"line":28,"column":31}}},"fnMap":{"0":{"name":"(anonymous_9)","decl":{"start":{"line":4,"column":30},"end":{"line":4,"column":35}},"loc":{"start":{"line":4,"column":41},"end":{"line":6,"column":1}}},"1":{"name":"(anonymous_10)","decl":{"start":{"line":8,"column":28},"end":{"line":8,"column":33}},"loc":{"start":{"line":8,"column":49},"end":{"line":14,"column":1}}},"2":{"name":"(anonymous_11)","decl":{"start":{"line":16,"column":31},"end":{"line":16,"column":36}},"loc":{"start":{"line":16,"column":65},"end":{"line":18,"column":1}}},"3":{"name":"(anonymous_12)","decl":{"start":{"line":20,"column":31},"end":{"line":20,"column":36}},"loc":{"start":{"line":20,"column":80},"end":{"line":26,"column":1}}},"4":{"name":"(anonymous_13)","decl":{"start":{"line":28,"column":31},"end":{"line":28,"column":36}},"loc":{"start":{"line":28,"column":52},"end":{"line":34,"column":1}}}},"branchMap":{"0":{"loc":{"start":{"line":10,"column":4},"end":{"line":12,"column":5}},"type":"if","locations":[{"start":{"line":10,"column":4},"end":{"line":12,"column":5}},{"start":{},"end":{}}]},"1":{"loc":{"start":{"line":22,"column":4},"end":{"line":24,"column":5}},"type":"if","locations":[{"start":{"line":22,"column":4},"end":{"line":24,"column":5}},{"start":{},"end":{}}]},"2":{"loc":{"start":{"line":30,"column":4},"end":{"line":32,"column":5}},"type":"if","locations":[{"start":{"line":30,"column":4},"end":{"line":32,"column":5}},{"start":{},"end":{}}]}},"s":{"0":1,"1":1,"2":1,"3":1,"4":1,"5":2,"6":2,"7":1,"8":1,"9":1,"10":1,"11":1,"12":1,"13":1,"14":3,"15":3,"16":2,"17":1,"18":1,"19":1,"20":3,"21":3,"22":2,"23":1,"24":1},"f":{"0":1,"1":2,"2":1,"3":3,"4":3},"b":{"0":[1,1],"1":[2,1],"2":[2,1]}}
,"C:\\Users\\Brian Kimurgor\\Desktop\\Employes-Leave-Management-System-\\src\\services\\notifications.services.ts": {"path":"C:\\Users\\Brian Kimurgor\\Desktop\\Employes-Leave-Management-System-\\src\\services\\notifications.services.ts","statementMap":{"0":{"start":{"line":1,"column":0},"end":{"line":1,"column":84}},"1":{"start":{"line":6,"column":31},"end":{"line":6,"column":231}},"2":{"start":{"line":6,"column":111},"end":{"line":6,"column":231}},"3":{"start":{"line":6,"column":13},"end":{"line":6,"column":31}},"4":{"start":{"line":8,"column":34},"end":{"line":14,"column":2}},"5":{"start":{"line":9,"column":33},"end":{"line":9,"column":85}},"6":{"start":{"line":10,"column":4},"end":{"line":12,"column":5}},"7":{"start":{"line":11,"column":8},"end":{"line":11,"column":50}},"8":{"start":{"line":13,"column":4},"end":{"line":13,"column":84}},"9":{"start":{"line":8,"column":13},"end":{"line":8,"column":34}},"10":{"start":{"line":26,"column":0},"end":{"line":26,"column":79}},"11":{"start":{"line":30,"column":40},"end":{"line":32,"column":1}},"12":{"start":{"line":31,"column":4},"end":{"line":31,"column":67}},"13":{"start":{"line":30,"column":13},"end":{"line":30,"column":40}},"14":{"start":{"line":35,"column":34},"end":{"line":37,"column":1}},"15":{"start":{"line":36,"column":4},"end":{"line":36,"column":56}},"16":{"start":{"line":35,"column":13},"end":{"line":35,"column":34}},"17":{"start":{"line":41,"column":40},"end":{"line":53,"column":1}},"18":{"start":{"line":46,"column":25},"end":{"line":46,"column":79}},"19":{"start":{"line":47,"column":23},"end":{"line":47,"column":75}},"20":{"start":{"line":49,"column":20},"end":{"line":49,"column":136}},"21":{"start":{"line":52,"column":4},"end":{"line":52,"column":87}},"22":{"start":{"line":41,"column":13},"end":{"line":41,"column":40}},"23":{"start":{"line":56,"column":41},"end":{"line":72,"column":1}},"24":{"start":{"line":63,"column":25},"end":{"line":63,"column":79}},"25":{"start":{"line":64,"column":23},"end":{"line":64,"column":75}},"26":{"start":{"line":66,"column":20},"end":{"line":66,"column":97}},"27":{"start":{"line":68,"column":4},"end":{"line":68,"column":87}},"28":{"start":{"line":71,"column":4},"end":{"line":71,"column":16}},"29":{"start":{"line":56,"column":13},"end":{"line":56,"column":41}},"30":{"start":{"line":75,"column":42},"end":{"line":86,"column":1}},"31":{"start":{"line":80,"column":25},"end":{"line":80,"column":79}},"32":{"start":{"line":81,"column":23},"end":{"line":81,"column":75}},"33":{"start":{"line":83,"column":20},"end":{"line":83,"column":122}},"34":{"start":{"line":85,"column":4},"end":{"line":85,"column":87}},"35":{"start":{"line":75,"column":13},"end":{"line":75,"column":42}},"36":{"start":{"line":91,"column":34},"end":{"line":93,"column":1}},"37":{"start":{"line":92,"column":4},"end":{"line":92,"column":70}},"38":{"start":{"line":91,"column":13},"end":{"line":91,"column":34}}},"fnMap":{"0":{"name":"(anonymous_9)","decl":{"start":{"line":6,"column":31},"end":{"line":6,"column":36}},"loc":{"start":{"line":6,"column":111},"end":{"line":6,"column":231}}},"1":{"name":"(anonymous_10)","decl":{"start":{"line":8,"column":34},"end":{"line":8,"column":39}},"loc":{"start":{"line":8,"column":95},"end":{"line":14,"column":2}}},"2":{"name":"(anonymous_11)","decl":{"start":{"line":30,"column":40},"end":{"line":30,"column":45}},"loc":{"start":{"line":30,"column":70},"end":{"line":32,"column":1}}},"3":{"name":"(anonymous_12)","decl":{"start":{"line":35,"column":34},"end":{"line":35,"column":39}},"loc":{"start":{"line":35,"column":45},"end":{"line":37,"column":1}}},"4":{"name":"(anonymous_13)","decl":{"start":{"line":41,"column":40},"end":{"line":41,"column":45}},"loc":{"start":{"line":45,"column":4},"end":{"line":53,"column":1}}},"5":{"name":"(anonymous_14)","decl":{"start":{"line":56,"column":41},"end":{"line":56,"column":46}},"loc":{"start":{"line":60,"column":4},"end":{"line":72,"column":1}}},"6":{"name":"(anonymous_15)","decl":{"start":{"line":75,"column":42},"end":{"line":75,"column":47}},"loc":{"start":{"line":79,"column":4},"end":{"line":86,"column":1}}},"7":{"name":"(anonymous_16)","decl":{"start":{"line":91,"column":34},"end":{"line":91,"column":39}},"loc":{"start":{"line":91,"column":68},"end":{"line":93,"column":1}}}},"branchMap":{"0":{"loc":{"start":{"line":10,"column":4},"end":{"line":12,"column":5}},"type":"if","locations":[{"start":{"line":10,"column":4},"end":{"line":12,"column":5}},{"start":{},"end":{}}]}},"s":{"0":0,"1":0,"2":0,"3":0,"4":0,"5":0,"6":0,"7":0,"8":0,"9":0,"10":0,"11":0,"12":0,"13":0,"14":0,"15":0,"16":0,"17":0,"18":0,"19":0,"20":0,"21":0,"22":0,"23":0,"24":0,"25":0,"26":0,"27":0,"28":0,"29":0,"30":0,"31":0,"32":0,"33":0,"34":0,"35":0,"36":0,"37":0,"38":0},"f":{"0":0,"1":0,"2":0,"3":0,"4":0,"5":0,"6":0,"7":0},"b":{"0":[0,0]}}
,"C:\\Users\\Brian Kimurgor\\Desktop\\Employes-Leave-Management-System-\\src\\types\\express.d.ts": {"path":"C:\\Users\\Brian Kimurgor\\Desktop\\Employes-Leave-Management-System-\\src\\types\\express.d.ts","statementMap":{},"fnMap":{},"branchMap":{},"s":{},"f":{},"b":{}}
}
