TN:
SF:src\index.ts
FN:16,(anonymous_1)
FN:43,(anonymous_2)
FNF:2
FNH:1
FNDA:3,(anonymous_1)
FNDA:0,(anonymous_2)
DA:1,3
DA:2,3
DA:3,3
DA:4,3
DA:6,3
DA:7,3
DA:8,3
DA:9,3
DA:10,3
DA:11,3
DA:12,3
DA:14,3
DA:16,3
DA:17,3
DA:19,3
DA:20,3
DA:25,3
DA:30,3
DA:31,3
DA:32,3
DA:33,3
DA:34,3
DA:35,3
DA:36,3
DA:39,3
DA:40,3
DA:43,3
DA:44,0
DA:47,3
DA:50,3
DA:51,3
LF:31
LH:30
BRF:0
BRH:0
end_of_record
TN:
SF:src\server.ts
FN:14,(anonymous_1)
FN:19,(anonymous_2)
FN:20,(anonymous_3)
FNF:3
FNH:0
FNDA:0,(anonymous_1)
FNDA:0,(anonymous_2)
FNDA:0,(anonymous_3)
DA:1,0
DA:2,0
DA:3,0
DA:4,0
DA:6,0
DA:8,0
DA:9,0
DA:12,0
DA:14,0
DA:15,0
DA:18,0
DA:19,0
DA:20,0
LF:13
LH:0
BRDA:9,0,0,0
BRDA:9,0,1,0
BRF:2
BRH:0
end_of_record
TN:
SF:src\controllers\auth.controllers.ts
FN:6,(anonymous_10)
FN:37,(anonymous_11)
FN:55,(anonymous_12)
FNF:3
FNH:0
FNDA:0,(anonymous_10)
FNDA:0,(anonymous_11)
FNDA:0,(anonymous_12)
DA:2,3
DA:3,3
DA:6,3
DA:7,0
DA:8,0
DA:11,0
DA:16,0
DA:29,0
DA:30,0
DA:32,0
DA:37,3
DA:38,0
DA:39,0
DA:41,0
DA:42,0
DA:44,0
DA:45,0
DA:46,0
DA:47,0
DA:49,0
DA:55,3
DA:56,0
DA:57,0
DA:59,0
DA:60,0
DA:63,0
DA:64,0
DA:66,0
LF:28
LH:5
BRDA:21,0,0,0
BRDA:21,0,1,0
BRDA:22,1,0,0
BRDA:22,1,1,0
BRDA:44,2,0,0
BRDA:44,2,1,0
BRDA:46,3,0,0
BRDA:46,3,1,0
BRDA:59,4,0,0
BRDA:59,4,1,0
BRDA:59,5,0,0
BRDA:59,5,1,0
BRF:12
BRH:0
end_of_record
TN:
SF:src\controllers\department.controllers.ts
FN:10,(anonymous_0)
FN:21,(anonymous_1)
FN:39,(anonymous_2)
FN:45,(anonymous_3)
FN:58,(anonymous_4)
FN:76,(anonymous_5)
FNF:6
FNH:0
FNDA:0,(anonymous_0)
FNDA:0,(anonymous_1)
FNDA:0,(anonymous_2)
FNDA:0,(anonymous_3)
FNDA:0,(anonymous_4)
FNDA:0,(anonymous_5)
DA:2,3
DA:10,3
DA:11,0
DA:12,0
DA:13,0
DA:15,0
DA:16,0
DA:21,3
DA:22,0
DA:23,0
DA:25,0
DA:26,0
DA:29,0
DA:30,0
DA:32,0
DA:33,0
DA:39,3
DA:40,0
DA:41,0
DA:42,0
DA:44,0
DA:45,0
DA:47,0
DA:48,0
DA:51,0
DA:53,0
DA:54,0
DA:58,3
DA:59,0
DA:60,0
DA:61,0
DA:63,0
DA:64,0
DA:67,0
DA:68,0
DA:70,0
DA:71,0
DA:76,3
DA:77,0
DA:78,0
DA:80,0
DA:81,0
DA:83,0
DA:84,0
LF:44
LH:6
BRDA:25,0,0,0
BRDA:25,0,1,0
BRDA:47,1,0,0
BRDA:47,1,1,0
BRDA:63,2,0,0
BRDA:63,2,1,0
BRF:6
BRH:0
end_of_record
TN:
SF:src\controllers\employees.controllers.ts
FN:8,(anonymous_9)
FN:24,(anonymous_10)
FN:58,(anonymous_11)
FN:76,(anonymous_12)
FN:87,(anonymous_13)
FN:117,(anonymous_14)
FN:136,(anonymous_15)
FNF:7
FNH:0
FNDA:0,(anonymous_9)
FNDA:0,(anonymous_10)
FNDA:0,(anonymous_11)
FNDA:0,(anonymous_12)
FNDA:0,(anonymous_13)
FNDA:0,(anonymous_14)
FNDA:0,(anonymous_15)
DA:3,3
DA:5,3
DA:8,3
DA:10,0
DA:11,0
DA:12,0
DA:13,0
DA:14,0
DA:17,0
DA:24,3
DA:26,0
DA:28,0
DA:29,0
DA:33,0
DA:35,0
DA:36,0
DA:41,0
DA:42,0
DA:45,0
DA:46,0
DA:58,3
DA:60,0
DA:61,0
DA:62,0
DA:63,0
DA:64,0
DA:66,0
DA:67,0
DA:71,0
DA:76,3
DA:78,0
DA:79,0
DA:80,0
DA:82,0
DA:87,3
DA:89,0
DA:92,0
DA:93,0
DA:98,0
DA:99,0
DA:100,0
DA:101,0
DA:105,0
DA:106,0
DA:109,0
DA:117,3
DA:118,0
DA:119,0
DA:121,0
DA:122,0
DA:124,0
DA:125,0
DA:126,0
DA:127,0
DA:129,0
DA:136,3
DA:137,0
DA:138,0
DA:140,0
DA:141,0
DA:144,0
DA:145,0
DA:147,0
LF:63
LH:9
BRDA:28,0,0,0
BRDA:28,0,1,0
BRDA:41,1,0,0
BRDA:41,1,1,0
BRDA:63,2,0,0
BRDA:63,2,1,0
BRDA:92,3,0,0
BRDA:92,3,1,0
BRDA:105,4,0,0
BRDA:105,4,1,0
BRDA:124,5,0,0
BRDA:124,5,1,0
BRDA:126,6,0,0
BRDA:126,6,1,0
BRDA:140,7,0,0
BRDA:140,7,1,0
BRDA:140,8,0,0
BRDA:140,8,1,0
BRF:18
BRH:0
end_of_record
TN:
SF:src\controllers\leave_balance.controllers.ts
FN:5,(anonymous_9)
FN:16,(anonymous_10)
FN:31,(anonymous_11)
FN:43,(anonymous_12)
FN:65,(anonymous_13)
FNF:5
FNH:0
FNDA:0,(anonymous_9)
FNDA:0,(anonymous_10)
FNDA:0,(anonymous_11)
FNDA:0,(anonymous_12)
FNDA:0,(anonymous_13)
DA:2,3
DA:5,3
DA:6,0
DA:7,0
DA:8,0
DA:10,0
DA:11,0
DA:16,3
DA:17,0
DA:18,0
DA:19,0
DA:20,0
DA:21,0
DA:23,0
DA:25,0
DA:26,0
DA:31,3
DA:32,0
DA:33,0
DA:34,0
DA:35,0
DA:37,0
DA:38,0
DA:43,3
DA:44,0
DA:45,0
DA:46,0
DA:48,0
DA:49,0
DA:52,0
DA:53,0
DA:54,0
DA:57,0
DA:59,0
DA:60,0
DA:65,3
DA:66,0
DA:67,0
DA:68,0
DA:70,0
DA:71,0
DA:73,0
DA:75,0
DA:76,0
LF:44
LH:6
BRDA:20,0,0,0
BRDA:20,0,1,0
BRDA:48,1,0,0
BRDA:48,1,1,0
BRDA:53,2,0,0
BRDA:53,2,1,0
BRDA:68,3,0,0
BRDA:68,3,1,0
BRDA:71,4,0,0
BRDA:71,4,1,0
BRF:10
BRH:0
end_of_record
TN:
SF:src\controllers\leave_request.controllers.ts
FN:6,(anonymous_9)
FN:34,(anonymous_10)
FN:61,(anonymous_11)
FN:79,(anonymous_12)
FN:97,(anonymous_13)
FN:131,(anonymous_14)
FN:167,(anonymous_15)
FN:203,(anonymous_16)
FN:238,(anonymous_17)
FN:265,(anonymous_18)
FN:292,(anonymous_19)
FN:310,(anonymous_20)
FNF:12
FNH:0
FNDA:0,(anonymous_9)
FNDA:0,(anonymous_10)
FNDA:0,(anonymous_11)
FNDA:0,(anonymous_12)
FNDA:0,(anonymous_13)
FNDA:0,(anonymous_14)
FNDA:0,(anonymous_15)
FNDA:0,(anonymous_16)
FNDA:0,(anonymous_17)
FNDA:0,(anonymous_18)
FNDA:0,(anonymous_19)
FNDA:0,(anonymous_20)
DA:2,3
DA:3,3
DA:6,3
DA:7,0
DA:8,0
DA:9,0
DA:11,0
DA:12,0
DA:18,0
DA:20,0
DA:26,0
DA:34,3
DA:35,0
DA:36,0
DA:38,0
DA:39,0
DA:45,0
DA:47,0
DA:53,0
DA:61,3
DA:62,0
DA:63,0
DA:65,0
DA:71,0
DA:79,3
DA:80,0
DA:81,0
DA:83,0
DA:89,0
DA:97,3
DA:98,0
DA:99,0
DA:100,0
DA:102,0
DA:103,0
DA:109,0
DA:111,0
DA:112,0
DA:118,0
DA:123,0
DA:131,3
DA:132,0
DA:133,0
DA:134,0
DA:135,0
DA:137,0
DA:138,0
DA:144,0
DA:145,0
DA:151,0
DA:153,0
DA:159,0
DA:167,3
DA:168,0
DA:169,0
DA:170,0
DA:171,0
DA:173,0
DA:174,0
DA:180,0
DA:181,0
DA:187,0
DA:189,0
DA:195,0
DA:203,3
DA:204,0
DA:205,0
DA:206,0
DA:207,0
DA:209,0
DA:210,0
DA:216,0
DA:217,0
DA:223,0
DA:225,0
DA:230,0
DA:238,3
DA:239,0
DA:240,0
DA:242,0
DA:243,0
DA:249,0
DA:251,0
DA:256,0
DA:265,3
DA:266,0
DA:267,0
DA:269,0
DA:270,0
DA:276,0
DA:278,0
DA:284,0
DA:292,3
DA:293,0
DA:294,0
DA:296,0
DA:302,0
DA:310,3
DA:311,0
DA:312,0
DA:313,0
DA:315,0
DA:316,0
DA:322,0
DA:324,0
DA:329,0
LF:106
LH:14
BRDA:11,0,0,0
BRDA:11,0,1,0
BRDA:28,1,0,0
BRDA:28,1,1,0
BRDA:38,2,0,0
BRDA:38,2,1,0
BRDA:49,3,0,0
BRDA:49,3,1,0
BRDA:50,4,0,0
BRDA:50,4,1,0
BRDA:55,5,0,0
BRDA:55,5,1,0
BRDA:73,6,0,0
BRDA:73,6,1,0
BRDA:91,7,0,0
BRDA:91,7,1,0
BRDA:102,8,0,0
BRDA:102,8,1,0
BRDA:111,9,0,0
BRDA:111,9,1,0
BRDA:125,10,0,0
BRDA:125,10,1,0
BRDA:137,11,0,0
BRDA:137,11,1,0
BRDA:144,12,0,0
BRDA:144,12,1,0
BRDA:161,13,0,0
BRDA:161,13,1,0
BRDA:173,14,0,0
BRDA:173,14,1,0
BRDA:180,15,0,0
BRDA:180,15,1,0
BRDA:197,16,0,0
BRDA:197,16,1,0
BRDA:209,17,0,0
BRDA:209,17,1,0
BRDA:216,18,0,0
BRDA:216,18,1,0
BRDA:232,19,0,0
BRDA:232,19,1,0
BRDA:242,20,0,0
BRDA:242,20,1,0
BRDA:258,21,0,0
BRDA:258,21,1,0
BRDA:269,22,0,0
BRDA:269,22,1,0
BRDA:286,23,0,0
BRDA:286,23,1,0
BRDA:304,24,0,0
BRDA:304,24,1,0
BRDA:315,25,0,0
BRDA:315,25,1,0
BRDA:331,26,0,0
BRDA:331,26,1,0
BRF:54
BRH:0
end_of_record
TN:
SF:src\controllers\leave_types.controller.ts
FN:5,(anonymous_9)
FN:14,(anonymous_10)
FN:33,(anonymous_11)
FN:43,(anonymous_12)
FN:62,(anonymous_13)
FNF:5
FNH:0
FNDA:0,(anonymous_9)
FNDA:0,(anonymous_10)
FNDA:0,(anonymous_11)
FNDA:0,(anonymous_12)
FNDA:0,(anonymous_13)
DA:2,3
DA:5,3
DA:6,0
DA:7,0
DA:8,0
DA:10,0
DA:14,3
DA:15,0
DA:16,0
DA:17,0
DA:18,0
DA:19,0
DA:22,0
DA:23,0
DA:24,0
DA:25,0
DA:27,0
DA:33,3
DA:34,0
DA:35,0
DA:36,0
DA:37,0
DA:39,0
DA:43,3
DA:44,0
DA:45,0
DA:46,0
DA:47,0
DA:48,0
DA:49,0
DA:52,0
DA:53,0
DA:54,0
DA:55,0
DA:57,0
DA:62,3
DA:63,0
DA:64,0
DA:65,0
DA:66,0
DA:68,0
DA:69,0
DA:71,0
LF:43
LH:6
BRDA:18,0,0,0
BRDA:18,0,1,0
BRDA:22,1,0,0
BRDA:22,1,1,0
BRDA:24,2,0,0
BRDA:24,2,1,0
BRDA:48,3,0,0
BRDA:48,3,1,0
BRDA:52,4,0,0
BRDA:52,4,1,0
BRDA:54,5,0,0
BRDA:54,5,1,0
BRDA:68,6,0,0
BRDA:68,6,1,0
BRF:14
BRH:0
end_of_record
TN:
SF:src\controllers\notifications.controller.ts
FN:5,(anonymous_9)
FN:15,(anonymous_10)
FN:30,(anonymous_11)
FN:45,(anonymous_12)
FN:56,(anonymous_13)
FN:72,(anonymous_14)
FNF:6
FNH:0
FNDA:0,(anonymous_9)
FNDA:0,(anonymous_10)
FNDA:0,(anonymous_11)
FNDA:0,(anonymous_12)
FNDA:0,(anonymous_13)
FNDA:0,(anonymous_14)
DA:2,3
DA:5,3
DA:6,0
DA:7,0
DA:8,0
DA:10,0
DA:15,3
DA:16,0
DA:17,0
DA:18,0
DA:19,0
DA:20,0
DA:22,0
DA:25,0
DA:30,3
DA:31,0
DA:32,0
DA:33,0
DA:34,0
DA:36,0
DA:37,0
DA:39,0
DA:45,3
DA:46,0
DA:47,0
DA:48,0
DA:49,0
DA:51,0
DA:56,3
DA:57,0
DA:58,0
DA:59,0
DA:60,0
DA:61,0
DA:63,0
DA:64,0
DA:66,0
DA:72,3
DA:73,0
DA:74,0
DA:75,0
DA:76,0
DA:78,0
DA:79,0
DA:81,0
LF:45
LH:7
BRDA:19,0,0,0
BRDA:19,0,1,0
BRDA:36,1,0,0
BRDA:36,1,1,0
BRDA:63,2,0,0
BRDA:63,2,1,0
BRDA:78,3,0,0
BRDA:78,3,1,0
BRF:8
BRH:0
end_of_record
TN:
SF:src\db\config.ts
FN:48,(anonymous_1)
FNF:1
FNH:1
FNDA:1,(anonymous_1)
DA:1,9
DA:2,9
DA:3,9
DA:7,9
DA:15,9
DA:19,9
DA:20,9
DA:21,9
DA:22,9
DA:23,9
DA:28,9
DA:48,9
DA:49,1
DA:50,1
DA:51,0
DA:53,0
DA:54,0
LF:17
LH:14
BRF:0
BRH:0
end_of_record
TN:
SF:src\mailer\email_templates.ts
FN:4,(anonymous_0)
FN:12,(anonymous_1)
FN:22,(anonymous_2)
FNF:3
FNH:0
FNDA:0,(anonymous_0)
FNDA:0,(anonymous_1)
FNDA:0,(anonymous_2)
DA:3,4
DA:4,0
DA:12,0
DA:22,0
LF:4
LH:1
BRF:0
BRH:0
end_of_record
TN:
SF:src\mailer\mailers.ts
FN:6,(anonymous_1)
FNF:1
FNH:0
FNDA:0,(anonymous_1)
DA:1,3
DA:2,3
DA:4,3
DA:6,3
DA:11,0
DA:12,0
DA:23,0
DA:30,0
DA:31,0
DA:33,0
DA:34,0
DA:35,0
DA:37,0
DA:38,0
LF:14
LH:4
BRDA:33,0,0,0
BRDA:33,0,1,0
BRDA:34,1,0,0
BRDA:34,1,1,0
BRF:4
BRH:0
end_of_record
TN:
SF:src\middleware\bear_auth.ts
FN:20,(anonymous_1)
FN:76,(anonymous_2)
FN:77,(anonymous_3)
FNF:3
FNH:0
FNDA:0,(anonymous_1)
FNDA:0,(anonymous_2)
FNDA:0,(anonymous_3)
DA:2,0
DA:20,0
DA:21,0
DA:22,0
DA:24,0
DA:25,0
DA:31,0
DA:33,0
DA:34,0
DA:40,0
DA:42,0
DA:43,0
DA:50,0
DA:58,0
DA:59,0
DA:61,0
DA:62,0
DA:68,0
DA:76,0
DA:77,0
DA:78,0
DA:79,0
DA:85,0
DA:86,0
DA:92,0
LF:25
LH:0
BRDA:24,0,0,0
BRDA:24,0,1,0
BRDA:24,1,0,0
BRDA:24,1,1,0
BRDA:33,2,0,0
BRDA:33,2,1,0
BRDA:42,3,0,0
BRDA:42,3,1,0
BRDA:61,4,0,0
BRDA:61,4,1,0
BRDA:78,5,0,0
BRDA:78,5,1,0
BRDA:85,6,0,0
BRDA:85,6,1,0
BRF:14
BRH:0
end_of_record
TN:
SF:src\middleware\loggers.ts
FN:4,(anonymous_0)
FN:7,(anonymous_1)
FNF:2
FNH:0
FNDA:0,(anonymous_0)
FNDA:0,(anonymous_1)
DA:4,3
DA:5,0
DA:7,0
DA:8,0
DA:9,0
DA:12,0
LF:6
LH:1
BRF:0
BRH:0
end_of_record
TN:
SF:src\repositories\department.repositories.ts
FN:5,(anonymous_1)
FN:17,(anonymous_2)
FN:31,(anonymous_3)
FN:48,(anonymous_4)
FNF:4
FNH:0
FNDA:0,(anonymous_1)
FNDA:0,(anonymous_2)
FNDA:0,(anonymous_3)
FNDA:0,(anonymous_4)
DA:1,0
DA:2,0
DA:5,0
DA:6,0
DA:7,0
DA:8,0
DA:9,0
DA:11,0
DA:12,0
DA:17,0
DA:18,0
DA:19,0
DA:20,0
DA:25,0
DA:26,0
DA:31,0
DA:32,0
DA:33,0
DA:34,0
DA:42,0
DA:43,0
DA:48,0
DA:49,0
DA:50,0
DA:51,0
DA:56,0
DA:57,0
LF:27
LH:0
BRF:0
BRH:0
end_of_record
TN:
SF:src\repositories\employees.repositories.ts
FN:8,(anonymous_0)
FN:25,(anonymous_1)
FN:42,(anonymous_2)
FN:53,(anonymous_3)
FN:64,(anonymous_4)
FN:85,(anonymous_5)
FN:98,(anonymous_6)
FN:112,(anonymous_7)
FNF:8
FNH:0
FNDA:0,(anonymous_0)
FNDA:0,(anonymous_1)
FNDA:0,(anonymous_2)
FNDA:0,(anonymous_3)
FNDA:0,(anonymous_4)
FNDA:0,(anonymous_5)
FNDA:0,(anonymous_6)
FNDA:0,(anonymous_7)
DA:3,4
DA:8,4
DA:9,0
DA:10,0
DA:21,0
DA:25,4
DA:26,0
DA:27,0
DA:32,0
DA:33,0
DA:36,0
DA:42,4
DA:43,0
DA:44,0
DA:48,0
DA:53,4
DA:54,0
DA:55,0
DA:59,0
DA:64,4
DA:65,0
DA:66,0
DA:79,0
DA:85,4
DA:87,0
DA:88,0
DA:93,0
DA:98,4
DA:99,0
DA:100,0
DA:106,0
DA:112,4
DA:113,0
DA:114,0
DA:119,0
LF:35
LH:9
BRDA:32,0,0,0
BRDA:32,0,1,0
BRDA:93,1,0,0
BRDA:93,1,1,0
BRF:4
BRH:0
end_of_record
TN:
SF:src\repositories\leave_balance.repositories.ts
FN:5,(anonymous_0)
FN:16,(anonymous_1)
FN:33,(anonymous_2)
FN:52,(anonymous_3)
FN:69,(anonymous_4)
FN:86,(anonymous_5)
FN:102,(anonymous_6)
FNF:7
FNH:0
FNDA:0,(anonymous_0)
FNDA:0,(anonymous_1)
FNDA:0,(anonymous_2)
FNDA:0,(anonymous_3)
FNDA:0,(anonymous_4)
FNDA:0,(anonymous_5)
FNDA:0,(anonymous_6)
DA:1,4
DA:5,4
DA:6,0
DA:7,0
DA:11,0
DA:16,4
DA:18,0
DA:19,0
DA:29,0
DA:33,4
DA:35,0
DA:36,0
DA:47,0
DA:52,4
DA:53,0
DA:54,0
DA:65,0
DA:69,4
DA:70,0
DA:71,0
DA:82,0
DA:86,4
DA:87,0
DA:88,0
DA:98,0
DA:102,4
DA:103,0
DA:104,0
DA:108,0
DA:109,0
DA:112,0
LF:31
LH:8
BRDA:108,0,0,0
BRDA:108,0,1,0
BRF:2
BRH:0
end_of_record
TN:
SF:src\repositories\leave_request.repositories.ts
FN:7,(anonymous_0)
FN:28,(anonymous_1)
FN:47,(anonymous_2)
FN:67,(anonymous_3)
FN:89,(anonymous_4)
FN:113,(anonymous_5)
FN:131,(anonymous_6)
FN:144,(anonymous_7)
FNF:8
FNH:0
FNDA:0,(anonymous_0)
FNDA:0,(anonymous_1)
FNDA:0,(anonymous_2)
FNDA:0,(anonymous_3)
FNDA:0,(anonymous_4)
FNDA:0,(anonymous_5)
FNDA:0,(anonymous_6)
FNDA:0,(anonymous_7)
DA:1,4
DA:2,4
DA:7,4
DA:9,0
DA:10,0
DA:22,0
DA:28,4
DA:29,0
DA:30,0
DA:44,0
DA:47,4
DA:49,0
DA:50,0
DA:61,0
DA:67,4
DA:69,0
DA:70,0
DA:84,0
DA:89,4
DA:91,0
DA:92,0
DA:106,0
DA:113,4
DA:115,0
DA:116,0
DA:126,0
DA:131,4
DA:133,0
DA:134,0
DA:139,0
DA:144,4
DA:145,0
DA:146,0
DA:147,0
DA:153,0
DA:164,0
DA:165,0
DA:166,0
DA:169,0
DA:170,0
DA:172,0
LF:41
LH:10
BRDA:144,0,0,0
BRDA:164,1,0,0
BRDA:164,1,1,0
BRF:3
BRH:0
end_of_record
TN:
SF:src\repositories\leave_types.repositories.ts
FN:4,(anonymous_0)
FN:10,(anonymous_1)
FN:20,(anonymous_2)
FN:31,(anonymous_3)
FN:43,(anonymous_4)
FNF:5
FNH:0
FNDA:0,(anonymous_0)
FNDA:0,(anonymous_1)
FNDA:0,(anonymous_2)
FNDA:0,(anonymous_3)
FNDA:0,(anonymous_4)
DA:1,4
DA:4,4
DA:5,0
DA:6,0
DA:7,0
DA:10,4
DA:11,0
DA:12,0
DA:16,0
DA:20,4
DA:21,0
DA:22,0
DA:28,0
DA:31,4
DA:32,0
DA:33,0
DA:40,0
DA:43,4
DA:44,0
DA:45,0
LF:20
LH:6
BRF:0
BRH:0
end_of_record
TN:
SF:src\repositories\notifications.repositories.ts
FN:5,(anonymous_0)
FN:14,(anonymous_1)
FN:31,(anonymous_2)
FN:42,(anonymous_3)
FN:66,(anonymous_4)
FN:90,(anonymous_5)
FNF:6
FNH:0
FNDA:0,(anonymous_0)
FNDA:0,(anonymous_1)
FNDA:0,(anonymous_2)
FNDA:0,(anonymous_3)
FNDA:0,(anonymous_4)
FNDA:0,(anonymous_5)
DA:1,4
DA:5,4
DA:6,0
DA:7,0
DA:10,0
DA:14,4
DA:15,0
DA:16,0
DA:27,0
DA:31,4
DA:32,0
DA:33,0
DA:38,0
DA:42,4
DA:47,0
DA:48,0
DA:59,0
DA:66,4
DA:70,0
DA:71,0
DA:72,0
DA:86,0
DA:90,4
DA:91,0
DA:92,0
DA:97,0
LF:26
LH:7
BRDA:38,0,0,0
BRDA:38,0,1,0
BRDA:75,1,0,0
BRDA:75,1,1,0
BRDA:76,2,0,0
BRDA:76,2,1,0
BRDA:77,3,0,0
BRDA:77,3,1,0
BRF:8
BRH:0
end_of_record
TN:
SF:src\routers\auth.routes.ts
FNF:0
FNH:0
DA:1,3
DA:2,3
DA:4,3
DA:6,3
DA:7,3
DA:8,3
DA:10,3
LF:7
LH:7
BRF:0
BRH:0
end_of_record
TN:
SF:src\routers\department.routes.ts
FNF:0
FNH:0
DA:1,3
DA:2,3
DA:10,3
DA:12,3
DA:13,3
DA:14,3
DA:15,3
DA:16,3
DA:18,3
LF:9
LH:9
BRF:0
BRH:0
end_of_record
TN:
SF:src\routers\employees.routes.ts
FN:4,(anonymous_9)
FNF:1
FNH:1
FNDA:3,(anonymous_9)
DA:2,3
DA:4,3
DA:6,3
DA:7,3
DA:8,3
DA:9,3
DA:10,3
DA:11,3
DA:12,3
DA:18,3
LF:10
LH:10
BRF:0
BRH:0
end_of_record
TN:
SF:src\routers\leave_balance.routes.ts
FNF:0
FNH:0
DA:1,3
DA:2,3
DA:4,3
DA:8,3
DA:9,3
DA:10,3
DA:11,3
DA:12,3
DA:14,3
LF:9
LH:9
BRF:0
BRH:0
end_of_record
TN:
SF:src\routers\leave_request.routes.ts
FNF:0
FNH:0
DA:1,3
DA:2,3
DA:4,3
DA:8,3
DA:9,3
DA:10,3
DA:11,3
DA:14,3
DA:15,3
DA:16,3
DA:17,3
DA:18,3
DA:21,3
DA:22,3
DA:23,3
DA:26,3
LF:16
LH:16
BRF:0
BRH:0
end_of_record
TN:
SF:src\routers\leave_types.routes.ts
FNF:0
FNH:0
DA:1,3
DA:2,3
DA:4,3
DA:6,3
DA:7,3
DA:8,3
DA:9,3
DA:10,3
DA:12,3
LF:9
LH:9
BRF:0
BRH:0
end_of_record
TN:
SF:src\routers\notification.routes.ts
FN:4,(anonymous_9)
FN:5,(anonymous_10)
FNF:2
FNH:1
FNDA:3,(anonymous_9)
FNDA:0,(anonymous_10)
DA:2,3
DA:4,3
DA:5,3
DA:6,0
DA:7,0
DA:8,0
DA:9,0
DA:10,0
DA:15,3
LF:9
LH:4
BRF:0
BRH:0
end_of_record
TN:
SF:src\services\department.services.ts
FN:5,(anonymous_1)
FN:12,(anonymous_2)
FN:21,(anonymous_3)
FN:33,(anonymous_4)
FNF:4
FNH:0
FNDA:0,(anonymous_1)
FNDA:0,(anonymous_2)
FNDA:0,(anonymous_3)
FNDA:0,(anonymous_4)
DA:1,4
DA:2,4
DA:5,4
DA:6,0
DA:7,0
DA:8,0
DA:12,4
DA:13,0
DA:14,0
DA:21,4
DA:22,0
DA:23,0
DA:33,4
DA:34,0
DA:35,0
LF:15
LH:6
BRF:0
BRH:0
end_of_record
TN:
SF:src\services\employees.services.ts
FN:14,(anonymous_10)
FN:49,(anonymous_11)
FN:55,(anonymous_12)
FN:59,(anonymous_13)
FN:63,(anonymous_14)
FN:78,(anonymous_15)
FN:89,(anonymous_16)
FN:148,(anonymous_17)
FNF:8
FNH:1
FNDA:0,(anonymous_10)
FNDA:0,(anonymous_11)
FNDA:0,(anonymous_12)
FNDA:0,(anonymous_13)
FNDA:0,(anonymous_14)
FNDA:0,(anonymous_15)
FNDA:2,(anonymous_16)
FNDA:0,(anonymous_17)
DA:2,4
DA:4,4
DA:5,4
DA:6,4
DA:7,4
DA:8,4
DA:10,4
DA:14,4
DA:19,0
DA:22,0
DA:26,0
DA:31,0
DA:38,0
DA:44,0
DA:49,4
DA:50,0
DA:51,0
DA:55,4
DA:59,4
DA:63,4
DA:64,0
DA:66,0
DA:67,0
DA:69,0
DA:73,0
DA:78,4
DA:79,0
DA:80,0
DA:81,0
DA:83,0
DA:89,4
DA:92,2
DA:93,2
DA:94,1
DA:99,1
DA:101,1
DA:103,0
DA:108,1
DA:117,1
DA:118,1
DA:119,1
DA:123,1
DA:148,4
DA:149,0
DA:150,0
DA:151,0
DA:154,0
DA:155,0
DA:159,0
DA:162,0
DA:168,0
LF:51
LH:25
BRDA:66,0,0,0
BRDA:66,0,1,0
BRDA:80,1,0,0
BRDA:80,1,1,0
BRDA:93,2,0,1
BRDA:93,2,1,1
BRDA:101,3,0,0
BRDA:101,3,1,1
BRDA:118,4,0,0
BRDA:118,4,1,1
BRDA:150,5,0,0
BRDA:150,5,1,0
BRDA:154,6,0,0
BRDA:154,6,1,0
BRF:14
BRH:4
end_of_record
TN:
SF:src\services\leave_balance.services.ts
FN:5,(anonymous_9)
FN:13,(anonymous_10)
FN:21,(anonymous_11)
FN:29,(anonymous_12)
FN:37,(anonymous_13)
FN:45,(anonymous_14)
FN:53,(anonymous_15)
FNF:7
FNH:0
FNDA:0,(anonymous_9)
FNDA:0,(anonymous_10)
FNDA:0,(anonymous_11)
FNDA:0,(anonymous_12)
FNDA:0,(anonymous_13)
FNDA:0,(anonymous_14)
FNDA:0,(anonymous_15)
DA:1,3
DA:5,3
DA:6,0
DA:7,0
DA:9,0
DA:13,3
DA:14,0
DA:15,0
DA:17,0
DA:21,3
DA:22,0
DA:23,0
DA:25,0
DA:29,3
DA:30,0
DA:31,0
DA:33,0
DA:37,3
DA:38,0
DA:39,0
DA:41,0
DA:45,3
DA:46,0
DA:47,0
DA:49,0
DA:53,3
DA:54,0
DA:55,0
DA:57,0
LF:29
LH:8
BRDA:9,0,0,0
BRDA:9,0,1,0
BRF:2
BRH:0
end_of_record
TN:
SF:src\services\leave_request.services.ts
FN:10,(anonymous_9)
FN:29,(anonymous_10)
FN:97,(anonymous_11)
FN:121,(anonymous_12)
FN:140,(anonymous_13)
FN:156,(anonymous_14)
FN:164,(anonymous_15)
FN:174,(anonymous_16)
FN:184,(anonymous_17)
FN:194,(anonymous_18)
FNF:10
FNH:0
FNDA:0,(anonymous_9)
FNDA:0,(anonymous_10)
FNDA:0,(anonymous_11)
FNDA:0,(anonymous_12)
FNDA:0,(anonymous_13)
FNDA:0,(anonymous_14)
FNDA:0,(anonymous_15)
FNDA:0,(anonymous_16)
FNDA:0,(anonymous_17)
FNDA:0,(anonymous_18)
DA:1,4
DA:2,4
DA:3,4
DA:10,4
DA:11,0
DA:12,0
DA:13,0
DA:15,0
DA:16,0
DA:17,0
DA:18,0
DA:20,0
DA:23,0
DA:29,4
DA:32,0
DA:33,0
DA:34,0
DA:35,0
DA:37,0
DA:38,0
DA:39,0
DA:42,0
DA:44,0
DA:45,0
DA:49,0
DA:54,0
DA:55,0
DA:59,0
DA:66,0
DA:68,0
DA:69,0
DA:72,0
DA:82,0
DA:97,4
DA:98,0
DA:99,0
DA:100,0
DA:101,0
DA:102,0
DA:105,0
DA:108,0
DA:111,0
DA:113,0
DA:115,0
DA:121,4
DA:122,0
DA:123,0
DA:124,0
DA:125,0
DA:127,0
DA:130,0
DA:132,0
DA:134,0
DA:140,4
DA:141,0
DA:142,0
DA:143,0
DA:144,0
DA:145,0
DA:147,0
DA:149,0
DA:151,0
DA:156,4
DA:157,0
DA:159,0
DA:164,4
DA:165,0
DA:166,0
DA:168,0
DA:174,4
DA:175,0
DA:176,0
DA:178,0
DA:184,4
DA:185,0
DA:186,0
DA:188,0
DA:194,4
DA:195,0
DA:196,0
DA:198,0
DA:199,0
DA:201,0
DA:203,0
LF:84
LH:13
BRDA:17,0,0,0
BRDA:17,0,1,0
BRDA:17,1,0,0
BRDA:17,1,1,0
BRDA:37,2,0,0
BRDA:37,2,1,0
BRDA:39,3,0,0
BRDA:39,3,1,0
BRDA:44,4,0,0
BRDA:44,4,1,0
BRDA:54,5,0,0
BRDA:54,5,1,0
BRDA:68,6,0,0
BRDA:68,6,1,0
BRDA:100,7,0,0
BRDA:100,7,1,0
BRDA:101,8,0,0
BRDA:101,8,1,0
BRDA:124,9,0,0
BRDA:124,9,1,0
BRDA:125,10,0,0
BRDA:125,10,1,0
BRDA:143,11,0,0
BRDA:143,11,1,0
BRDA:144,12,0,0
BRDA:144,12,1,0
BRDA:145,13,0,0
BRDA:145,13,1,0
BRDA:159,14,0,0
BRDA:159,14,1,0
BRDA:198,15,0,0
BRDA:198,15,1,0
BRF:32
BRH:0
end_of_record
TN:
SF:src\services\leave_types.services.ts
FN:4,(anonymous_9)
FN:8,(anonymous_10)
FN:16,(anonymous_11)
FN:20,(anonymous_12)
FN:28,(anonymous_13)
FNF:5
FNH:0
FNDA:0,(anonymous_9)
FNDA:0,(anonymous_10)
FNDA:0,(anonymous_11)
FNDA:0,(anonymous_12)
FNDA:0,(anonymous_13)
DA:1,4
DA:4,4
DA:5,0
DA:8,4
DA:9,0
DA:10,0
DA:11,0
DA:13,0
DA:16,4
DA:17,0
DA:20,4
DA:21,0
DA:22,0
DA:23,0
DA:25,0
DA:28,4
DA:29,0
DA:30,0
DA:31,0
DA:33,0
DA:34,0
LF:21
LH:6
BRDA:10,0,0,0
BRDA:10,0,1,0
BRDA:22,1,0,0
BRDA:22,1,1,0
BRDA:30,2,0,0
BRDA:30,2,1,0
BRF:6
BRH:0
end_of_record
TN:
SF:src\services\notifications.services.ts
FN:6,(anonymous_9)
FN:8,(anonymous_10)
FN:30,(anonymous_11)
FN:35,(anonymous_12)
FN:41,(anonymous_13)
FN:56,(anonymous_14)
FN:75,(anonymous_15)
FN:91,(anonymous_16)
FNF:8
FNH:0
FNDA:0,(anonymous_9)
FNDA:0,(anonymous_10)
FNDA:0,(anonymous_11)
FNDA:0,(anonymous_12)
FNDA:0,(anonymous_13)
FNDA:0,(anonymous_14)
FNDA:0,(anonymous_15)
FNDA:0,(anonymous_16)
DA:1,4
DA:6,4
DA:8,4
DA:9,0
DA:10,0
DA:11,0
DA:13,0
DA:26,4
DA:30,4
DA:31,0
DA:35,4
DA:36,0
DA:41,4
DA:46,0
DA:47,0
DA:49,0
DA:52,0
DA:56,4
DA:63,0
DA:64,0
DA:66,0
DA:68,0
DA:71,0
DA:75,4
DA:80,0
DA:81,0
DA:83,0
DA:85,0
DA:91,4
DA:92,0
LF:30
LH:10
BRDA:10,0,0,0
BRDA:10,0,1,0
BRF:2
BRH:0
end_of_record
